<?xml version="1.0" encoding="utf-8"?><testsuites name="pytest tests"><testsuite name="pytest" errors="0" failures="0" skipped="0" tests="14" time="3.945" timestamp="2026-03-18T19:54:07.874819+00:00" hostname="agent-env-942036ea-139f-49ec-9ae3-bf2e7c4e8565"><testcase classname="backend.tests.test_wms_inventory_import.TestInventorySummary" name="test_inventory_summary_returns_totals" time="0.549" /><testcase classname="backend.tests.test_wms_inventory_import.TestInventoryFilters" name="test_inventory_filters_endpoint_returns_lists" time="0.099" /><testcase classname="backend.tests.test_wms_inventory_import.TestInventoryWithNewFields" name="test_inventory_list_has_new_fields" time="0.347" /><testcase classname="backend.tests.test_wms_inventory_import.TestInventoryFilterByCustomer" name="test_filter_by_customer" time="0.206" /><testcase classname="backend.tests.test_wms_inventory_import.TestInventoryFilterByStyle" name="test_filter_by_style" time="0.148" /><testcase classname="backend.tests.test_wms_inventory_import.TestInventoryFilterByCategory" name="test_filter_by_category" time="0.157" /><testcase classname="backend.tests.test_wms_inventory_import.TestOrdersWithBlanksFilter" name="test_orders_returns_blanks_or_partial" time="0.078" /><testcase classname="backend.tests.test_wms_inventory_import.TestOrdersResponseStructure" name="test_orders_has_blank_status_field" time="0.068" /><testcase classname="backend.tests.test_wms_inventory_import.TestInventoryExportWithNewColumns" name="test_export_inventory_returns_xlsx" time="1.490" /><testcase classname="backend.tests.test_wms_inventory_import.TestImportInventoryEndpoint" name="test_import_requires_file" time="0.057" /><testcase classname="backend.tests.test_wms_inventory_import.TestImportInventoryEndpoint" name="test_import_validates_file_type" time="0.219" /><testcase classname="backend.tests.test_wms_inventory_import.TestAuthRequired" name="test_inventory_requires_auth" time="0.128" /><testcase classname="backend.tests.test_wms_inventory_import.TestAuthRequired" name="test_filters_requires_auth" time="0.114" /><testcase classname="backend.tests.test_wms_inventory_import.TestAuthRequired" name="test_orders_requires_auth" time="0.224" /></testsuite></testsuites>