<?xml version="1.0" encoding="utf-8"?><testsuites name="pytest tests"><testsuite name="pytest" errors="0" failures="0" skipped="0" tests="31" time="7.514" timestamp="2026-03-18T18:31:12.133259+00:00" hostname="agent-env-942036ea-139f-49ec-9ae3-bf2e7c4e8565"><testcase classname="backend.tests.test_wms_iteration50.TestWMSLocations" name="test_list_locations" time="0.278" /><testcase classname="backend.tests.test_wms_iteration50.TestWMSLocations" name="test_create_location" time="0.384" /><testcase classname="backend.tests.test_wms_iteration50.TestWMSLocations" name="test_create_duplicate_location_fails" time="0.135" /><testcase classname="backend.tests.test_wms_iteration50.TestWMSReceiving" name="test_list_receiving" time="0.170" /><testcase classname="backend.tests.test_wms_iteration50.TestWMSReceiving" name="test_get_receiving_details" time="0.342" /><testcase classname="backend.tests.test_wms_iteration50.TestWMSReceiving" name="test_create_receiving_with_auto_boxes" time="0.233" /><testcase classname="backend.tests.test_wms_iteration50.TestWMSBoxes" name="test_list_boxes" time="0.165" /><testcase classname="backend.tests.test_wms_iteration50.TestWMSBoxes" name="test_list_boxes_with_filters" time="0.164" /><testcase classname="backend.tests.test_wms_iteration50.TestWMSBoxes" name="test_get_single_box" time="0.328" /><testcase classname="backend.tests.test_wms_iteration50.TestWMSPutaway" name="test_putaway_box" time="0.333" /><testcase classname="backend.tests.test_wms_iteration50.TestWMSPutaway" name="test_putaway_invalid_box_fails" time="0.185" /><testcase classname="backend.tests.test_wms_iteration50.TestWMSPutaway" name="test_putaway_invalid_location_fails" time="0.326" /><testcase classname="backend.tests.test_wms_iteration50.TestWMSInventory" name="test_list_inventory" time="0.178" /><testcase classname="backend.tests.test_wms_iteration50.TestWMSInventory" name="test_inventory_summary" time="0.229" /><testcase classname="backend.tests.test_wms_iteration50.TestWMSOrders" name="test_list_wms_orders" time="0.164" /><testcase classname="backend.tests.test_wms_iteration50.TestWMSOrders" name="test_get_wms_order_details" time="0.304" /><testcase classname="backend.tests.test_wms_iteration50.TestWMSAllocations" name="test_list_allocations" time="0.155" /><testcase classname="backend.tests.test_wms_iteration50.TestWMSAllocations" name="test_create_allocation_insufficient_inventory_fails" time="0.486" /><testcase classname="backend.tests.test_wms_iteration50.TestWMSPickTickets" name="test_list_pick_tickets" time="0.177" /><testcase classname="backend.tests.test_wms_iteration50.TestWMSPickTickets" name="test_create_pick_ticket_invalid_allocation_fails" time="0.196" /><testcase classname="backend.tests.test_wms_iteration50.TestWMSProduction" name="test_list_production" time="0.202" /><testcase classname="backend.tests.test_wms_iteration50.TestWMSProduction" name="test_production_move_invalid_state_fails" time="0.160" /><testcase classname="backend.tests.test_wms_iteration50.TestWMSFinishedGoods" name="test_list_finished_goods" time="0.157" /><testcase classname="backend.tests.test_wms_iteration50.TestWMSShipments" name="test_list_shipments" time="0.384" /><testcase classname="backend.tests.test_wms_iteration50.TestWMSShipments" name="test_create_shipment_requires_box_ids" time="0.246" /><testcase classname="backend.tests.test_wms_iteration50.TestWMSMovements" name="test_list_movements" time="0.144" /><testcase classname="backend.tests.test_wms_iteration50.TestWMSMovements" name="test_list_movements_filtered_by_type" time="0.146" /><testcase classname="backend.tests.test_wms_iteration50.TestWMSLabels" name="test_generate_box_label_pdf" time="0.545" /><testcase classname="backend.tests.test_wms_iteration50.TestWMSLabels" name="test_generate_box_label_invalid_box_fails" time="0.150" /><testcase classname="backend.tests.test_wms_iteration50.TestWMSExport" name="test_export_inventory_excel" time="0.186" /><testcase classname="backend.tests.test_wms_iteration50.TestWMSAuthRequired" name="test_locations_without_auth_fails" time="0.158" /></testsuite></testsuites>