<?xml version="1.0" encoding="utf-8"?><testsuites name="pytest tests"><testsuite name="pytest" errors="0" failures="0" skipped="0" tests="7" time="3.444" timestamp="2026-03-20T16:19:40.529853+00:00" hostname="agent-env-942036ea-139f-49ec-9ae3-bf2e7c4e8565"><testcase classname="backend.tests.test_iteration60_calendar_ui.TestCalendarOrderData" name="test_scheduling_board_returns_orders" time="0.484" /><testcase classname="backend.tests.test_iteration60_calendar_ui.TestCalendarOrderData" name="test_order_62970_has_scheduled_after_cancel" time="0.415" /><testcase classname="backend.tests.test_iteration60_calendar_ui.TestCalendarOrderData" name="test_unscheduled_orders_exist" time="0.419" /><testcase classname="backend.tests.test_iteration60_calendar_ui.TestCalendarOrderData" name="test_put_scheduled_date_only_updates_scheduled" time="0.651" /><testcase classname="backend.tests.test_iteration60_calendar_ui.TestBulkMoveAPI" name="test_bulk_move_endpoint_exists" time="0.476" /><testcase classname="backend.tests.test_iteration60_calendar_ui.TestBulkMoveAPI" name="test_bulk_move_changes_board" time="0.497" /><testcase classname="backend.tests.test_iteration60_calendar_ui.TestOrderModalFields" name="test_order_has_all_modal_fields" time="0.439" /></testsuite></testsuites>