<?xml version="1.0" encoding="utf-8"?><testsuites name="pytest tests"><testsuite name="pytest" errors="0" failures="0" skipped="0" tests="14" time="3.235" timestamp="2026-03-18T22:45:13.122828+00:00" hostname="agent-env-942036ea-139f-49ec-9ae3-bf2e7c4e8565"><testcase classname="backend.tests.test_wms_iteration55.TestInventoryOptionsCustomers" name="test_inventory_options_returns_customers" time="0.623" /><testcase classname="backend.tests.test_wms_iteration55.TestInventoryOptionsCustomers" name="test_inventory_options_cascading_filter" time="0.265" /><testcase classname="backend.tests.test_wms_iteration55.TestOrdersWithTickets" name="test_orders_with_tickets_returns_map" time="0.088" /><testcase classname="backend.tests.test_wms_iteration55.TestPickTicketsStats" name="test_stats_returns_correct_structure" time="0.072" /><testcase classname="backend.tests.test_wms_iteration55.TestPickTicketsStats" name="test_stats_operators_have_productivity_data" time="0.085" /><testcase classname="backend.tests.test_wms_iteration55.TestPickTicketEdit" name="test_edit_ticket_success" time="0.234" /><testcase classname="backend.tests.test_wms_iteration55.TestPickTicketEdit" name="test_edit_ticket_operator_assignment" time="0.166" /><testcase classname="backend.tests.test_wms_iteration55.TestPickTicketEdit" name="test_edit_nonexistent_ticket_returns_404" time="0.075" /><testcase classname="backend.tests.test_wms_iteration55.TestEditRejectsConfirmedCompleted" name="test_edit_confirmed_ticket_returns_400" time="0.258" /><testcase classname="backend.tests.test_wms_iteration55.TestEditRejectsConfirmedCompleted" name="test_edit_completed_ticket_returns_400" time="0.423" /><testcase classname="backend.tests.test_wms_iteration55.TestAuthRequired" name="test_inventory_options_requires_auth" time="0.201" /><testcase classname="backend.tests.test_wms_iteration55.TestAuthRequired" name="test_orders_with_tickets_requires_auth" time="0.332" /><testcase classname="backend.tests.test_wms_iteration55.TestAuthRequired" name="test_pick_tickets_stats_requires_auth" time="0.148" /><testcase classname="backend.tests.test_wms_iteration55.TestAuthRequired" name="test_edit_ticket_requires_auth" time="0.181" /></testsuite></testsuites>