<?xml version="1.0" encoding="utf-8"?><testsuites name="pytest tests"><testsuite name="pytest" errors="0" failures="0" skipped="0" tests="24" time="6.281" timestamp="2026-03-05T21:01:25.454511+00:00" hostname="agent-env-cb7697b3-7144-40f7-b9e7-de5b93ae11ea"><testcase classname="backend.tests.test_iteration27_dynamic_boards.TestGetBoards" name="test_01_get_boards_returns_list" time="0.234" /><testcase classname="backend.tests.test_iteration27_dynamic_boards.TestGetBoards" name="test_02_get_boards_contains_default_boards" time="0.128" /><testcase classname="backend.tests.test_iteration27_dynamic_boards.TestGetBoards" name="test_03_get_boards_requires_no_auth" time="0.158" /><testcase classname="backend.tests.test_iteration27_dynamic_boards.TestCreateBoard" name="test_04_create_board_success" time="0.180" /><testcase classname="backend.tests.test_iteration27_dynamic_boards.TestCreateBoard" name="test_05_create_board_requires_admin" time="0.241" /><testcase classname="backend.tests.test_iteration27_dynamic_boards.TestCreateBoard" name="test_06_create_board_rejects_empty_name" time="0.118" /><testcase classname="backend.tests.test_iteration27_dynamic_boards.TestCreateBoard" name="test_07_create_board_rejects_whitespace_name" time="0.187" /><testcase classname="backend.tests.test_iteration27_dynamic_boards.TestCreateBoard" name="test_08_create_board_rejects_duplicate" time="0.161" /><testcase classname="backend.tests.test_iteration27_dynamic_boards.TestCreateBoard" name="test_09_create_board_converts_to_uppercase" time="0.149" /><testcase classname="backend.tests.test_iteration27_dynamic_boards.TestCreateBoard" name="test_10_create_board_requires_auth" time="0.126" /><testcase classname="backend.tests.test_iteration27_dynamic_boards.TestDeleteBoard" name="test_11_delete_board_success" time="0.181" /><testcase classname="backend.tests.test_iteration27_dynamic_boards.TestDeleteBoard" name="test_12_cannot_delete_master" time="0.119" /><testcase classname="backend.tests.test_iteration27_dynamic_boards.TestDeleteBoard" name="test_13_cannot_delete_completos" time="0.111" /><testcase classname="backend.tests.test_iteration27_dynamic_boards.TestDeleteBoard" name="test_14_cannot_delete_papelera" time="0.106" /><testcase classname="backend.tests.test_iteration27_dynamic_boards.TestDeleteBoard" name="test_15_delete_board_requires_admin" time="0.346" /><testcase classname="backend.tests.test_iteration27_dynamic_boards.TestDeleteBoard" name="test_16_delete_nonexistent_board" time="0.148" /><testcase classname="backend.tests.test_iteration27_dynamic_boards.TestDeleteBoardMovesOrders" name="test_17_delete_board_moves_orders_to_master" time="0.642" /><testcase classname="backend.tests.test_iteration27_dynamic_boards.TestMoveOrderValidation" name="test_18_move_order_to_valid_board" time="0.310" /><testcase classname="backend.tests.test_iteration27_dynamic_boards.TestMoveOrderValidation" name="test_19_move_order_to_invalid_board" time="0.238" /><testcase classname="backend.tests.test_iteration27_dynamic_boards.TestMoveOrderValidation" name="test_20_move_order_to_newly_created_board" time="0.437" /><testcase classname="backend.tests.test_iteration27_dynamic_boards.TestBulkMoveValidation" name="test_21_bulk_move_to_valid_board" time="0.386" /><testcase classname="backend.tests.test_iteration27_dynamic_boards.TestBulkMoveValidation" name="test_22_bulk_move_to_invalid_board" time="0.240" /><testcase classname="backend.tests.test_iteration27_dynamic_boards.TestBoardPersistence" name="test_23_board_changes_persist" time="0.414" /><testcase classname="backend.tests.test_iteration27_dynamic_boards.TestCleanup" name="test_99_cleanup_test_data" time="0.803" /></testsuite></testsuites>