<?xml version="1.0" encoding="utf-8"?><testsuites name="pytest tests"><testsuite name="pytest" errors="0" failures="0" skipped="0" tests="14" time="2.685" timestamp="2026-03-03T23:35:14.437098+00:00" hostname="agent-env-83a7d035-e989-4856-afc8-ff9604ba0e96"><testcase classname="backend.tests.test_iteration15_bug_fixes.TestColumnConfigAPI" name="test_get_column_config_returns_200" time="0.180" /><testcase classname="backend.tests.test_iteration15_bug_fixes.TestColumnConfigAPI" name="test_put_column_config_saves_custom_columns" time="0.160" /><testcase classname="backend.tests.test_iteration15_bug_fixes.TestColumnConfigAPI" name="test_put_then_get_column_config_persists" time="0.218" /><testcase classname="backend.tests.test_iteration15_bug_fixes.TestColumnConfigAPI" name="test_column_config_requires_auth" time="0.220" /><testcase classname="backend.tests.test_iteration15_bug_fixes.TestSavedViewsAPI" name="test_get_saved_views_returns_200" time="0.130" /><testcase classname="backend.tests.test_iteration15_bug_fixes.TestSavedViewsAPI" name="test_create_saved_view" time="0.105" /><testcase classname="backend.tests.test_iteration15_bug_fixes.TestSavedViewsAPI" name="test_toggle_pin_saved_view" time="0.413" /><testcase classname="backend.tests.test_iteration15_bug_fixes.TestSavedViewsAPI" name="test_delete_saved_view" time="0.218" /><testcase classname="backend.tests.test_iteration15_bug_fixes.TestColorsAPI" name="test_get_colors_returns_200" time="0.127" /><testcase classname="backend.tests.test_iteration15_bug_fixes.TestColorsAPI" name="test_put_colors_saves_mapping" time="0.114" /><testcase classname="backend.tests.test_iteration15_bug_fixes.TestColorsAPI" name="test_colors_persist_after_save" time="0.259" /><testcase classname="backend.tests.test_iteration15_bug_fixes.TestColorsAPI" name="test_colors_requires_admin" time="0.151" /><testcase classname="backend.tests.test_iteration15_bug_fixes.TestGeneralHealth" name="test_api_health" time="0.109" /><testcase classname="backend.tests.test_iteration15_bug_fixes.TestGeneralHealth" name="test_orders_endpoint" time="0.109" /></testsuite></testsuites>