<?xml version="1.0" encoding="utf-8"?><testsuites name="pytest tests"><testsuite name="pytest" errors="0" failures="0" skipped="0" tests="13" time="2.971" timestamp="2026-03-05T21:13:19.850233+00:00" hostname="agent-env-cb7697b3-7144-40f7-b9e7-de5b93ae11ea"><testcase classname="tests.test_iteration28_board_permissions.TestAdminOnlyBoardCreation" name="test_01_create_board_with_admin_token_succeeds" time="0.253" /><testcase classname="tests.test_iteration28_board_permissions.TestAdminOnlyBoardCreation" name="test_02_create_board_with_regular_user_returns_403" time="0.223" /><testcase classname="tests.test_iteration28_board_permissions.TestAdminOnlyBoardCreation" name="test_03_create_board_without_auth_returns_401" time="0.134" /><testcase classname="tests.test_iteration28_board_permissions.TestAdminOnlyBoardDeletion" name="test_04_delete_board_with_regular_user_returns_403" time="0.334" /><testcase classname="tests.test_iteration28_board_permissions.TestAdminOnlyBoardDeletion" name="test_05_delete_board_without_auth_returns_401" time="0.148" /><testcase classname="tests.test_iteration28_board_permissions.TestAdminOnlyBoardDeletion" name="test_06_delete_board_with_admin_succeeds" time="0.241" /><testcase classname="tests.test_iteration28_board_permissions.TestAdminOnlyBoardDeletion" name="test_07_cannot_delete_system_boards_even_as_admin" time="0.377" /><testcase classname="tests.test_iteration28_board_permissions.TestGetBoardsPermissions" name="test_08_get_boards_is_accessible_without_auth" time="0.108" /><testcase classname="tests.test_iteration28_board_permissions.TestBoardPermissionEdgeCases" name="test_09_create_empty_board_name_returns_400" time="0.291" /><testcase classname="tests.test_iteration28_board_permissions.TestBoardPermissionEdgeCases" name="test_10_create_whitespace_board_name_returns_400" time="0.143" /><testcase classname="tests.test_iteration28_board_permissions.TestBoardPermissionEdgeCases" name="test_11_create_duplicate_board_returns_400" time="0.115" /><testcase classname="tests.test_iteration28_board_permissions.TestBoardPermissionEdgeCases" name="test_12_delete_nonexistent_board_returns_404" time="0.185" /><testcase classname="tests.test_iteration28_board_permissions.TestCleanup" name="test_99_cleanup_test_boards" time="0.356" /></testsuite></testsuites>