<?xml version="1.0" encoding="utf-8"?><testsuites name="pytest tests"><testsuite name="pytest" errors="0" failures="0" skipped="0" tests="8" time="1.674" timestamp="2026-03-09T18:18:27.699729+00:00" hostname="agent-env-f85d3a15-2ce7-406f-bd81-e5d81c9a858c"><testcase classname="tests.test_iteration40_production_analytics.TestProductionAnalyticsNewFields" name="test_production_analytics_returns_total_remaining" time="0.356" /><testcase classname="tests.test_iteration40_production_analytics.TestProductionAnalyticsNewFields" name="test_total_remaining_never_negative" time="0.134" /><testcase classname="tests.test_iteration40_production_analytics.TestProductionAnalyticsNewFields" name="test_production_analytics_returns_by_production_status" time="0.112" /><testcase classname="tests.test_iteration40_production_analytics.TestProductionAnalyticsNewFields" name="test_by_production_status_structure" time="0.214" /><testcase classname="tests.test_iteration40_production_analytics.TestProductionAnalyticsNewFields" name="test_by_production_status_sorted_by_quantity" time="0.149" /><testcase classname="tests.test_iteration40_production_analytics.TestProductionAnalyticsNewFields" name="test_production_analytics_with_different_presets" time="0.396" /><testcase classname="tests.test_iteration40_production_analytics.TestProductionAnalyticsNewFields" name="test_production_analytics_without_auth_returns_401" time="0.124" /><testcase classname="tests.test_iteration40_production_analytics.TestProductionAnalyticsNewFields" name="test_response_includes_all_expected_fields" time="0.121" /></testsuite></testsuites>