<?xml version="1.0" encoding="utf-8"?><testsuites name="pytest tests"><testsuite name="pytest" errors="0" failures="0" skipped="10" tests="10" time="7.529" timestamp="2026-03-04T23:54:02.823537+00:00" hostname="agent-env-cb7697b3-7144-40f7-b9e7-de5b93ae11ea"><testcase classname="tests.test_iteration18_comments_edit_delete.TestCommentEditDelete" name="test_create_comment_and_verify" time="0.669"><skipped type="pytest.skip" message="No test order created">/app/backend/tests/test_iteration18_comments_edit_delete.py:80: No test order created</skipped></testcase><testcase classname="tests.test_iteration18_comments_edit_delete.TestCommentEditDelete" name="test_edit_comment_success" time="0.561"><skipped type="pytest.skip" message="No test order created">/app/backend/tests/test_iteration18_comments_edit_delete.py:100: No test order created</skipped></testcase><testcase classname="tests.test_iteration18_comments_edit_delete.TestCommentEditDelete" name="test_edit_comment_empty_content_fails" time="0.538"><skipped type="pytest.skip" message="No test order created">/app/backend/tests/test_iteration18_comments_edit_delete.py:141: No test order created</skipped></testcase><testcase classname="tests.test_iteration18_comments_edit_delete.TestCommentEditDelete" name="test_edit_comment_not_found" time="0.543"><skipped type="pytest.skip" message="No test order created">/app/backend/tests/test_iteration18_comments_edit_delete.py:174: No test order created</skipped></testcase><testcase classname="tests.test_iteration18_comments_edit_delete.TestCommentEditDelete" name="test_delete_comment_success" time="0.921"><skipped type="pytest.skip" message="No test order created">/app/backend/tests/test_iteration18_comments_edit_delete.py:188: No test order created</skipped></testcase><testcase classname="tests.test_iteration18_comments_edit_delete.TestCommentEditDelete" name="test_delete_comment_not_found" time="0.496"><skipped type="pytest.skip" message="No test order created">/app/backend/tests/test_iteration18_comments_edit_delete.py:222: No test order created</skipped></testcase><testcase classname="tests.test_iteration18_comments_edit_delete.TestCommentAuthorization" name="test_other_user_cannot_edit_comment" time="0.955"><skipped type="pytest.skip" message="No test order created">/app/backend/tests/test_iteration18_comments_edit_delete.py:331: No test order created</skipped></testcase><testcase classname="tests.test_iteration18_comments_edit_delete.TestCommentAuthorization" name="test_other_user_cannot_delete_comment" time="0.933"><skipped type="pytest.skip" message="No test order created">/app/backend/tests/test_iteration18_comments_edit_delete.py:389: No test order created</skipped></testcase><testcase classname="tests.test_iteration18_comments_edit_delete.TestCommentAuthorization" name="test_admin_can_edit_any_comment" time="0.926"><skipped type="pytest.skip" message="No test order created">/app/backend/tests/test_iteration18_comments_edit_delete.py:446: No test order created</skipped></testcase><testcase classname="tests.test_iteration18_comments_edit_delete.TestCommentAuthorization" name="test_admin_can_delete_any_comment" time="0.904"><skipped type="pytest.skip" message="No test order created">/app/backend/tests/test_iteration18_comments_edit_delete.py:472: No test order created</skipped></testcase></testsuite></testsuites>