<?xml version="1.0" encoding="utf-8"?><testsuites name="pytest tests"><testsuite name="pytest" errors="0" failures="0" skipped="0" tests="7" time="1.239" timestamp="2026-03-20T15:45:19.319749+00:00" hostname="agent-env-942036ea-139f-49ec-9ae3-bf2e7c4e8565"><testcase classname="backend.tests.test_iteration58_calendar_view.TestOrdersWithCancelDate" name="test_get_scheduling_orders" time="0.433" /><testcase classname="backend.tests.test_iteration58_calendar_view.TestOrdersWithCancelDate" name="test_orders_have_calendar_fields" time="0.060" /><testcase classname="backend.tests.test_iteration58_calendar_view.TestCancelDateUpdate" name="test_update_cancel_date" time="0.195" /><testcase classname="backend.tests.test_iteration58_calendar_view.TestBulkMove" name="test_bulk_move_to_board" time="0.272" /><testcase classname="backend.tests.test_iteration58_calendar_view.TestBulkMove" name="test_bulk_move_requires_auth" time="0.108" /><testcase classname="backend.tests.test_iteration58_calendar_view.TestCalendarAPIIntegration" name="test_order_data_structure_for_calendar" time="0.054" /><testcase classname="backend.tests.test_iteration58_calendar_view.TestCalendarAPIIntegration" name="test_date_format_compatible" time="0.063" /></testsuite></testsuites>