<?xml version="1.0" encoding="utf-8"?><testsuites name="pytest tests"><testsuite name="pytest" errors="0" failures="0" skipped="0" tests="9" time="15.162" timestamp="2026-03-06T16:08:38.717102+00:00" hostname="agent-env-f85d3a15-2ce7-406f-bd81-e5d81c9a858c"><testcase classname="tests.test_iteration32_websocket.TestWebSocketConnection" name="test_01_websocket_endpoint_accepts_connection" time="0.259" /><testcase classname="tests.test_iteration32_websocket.TestWebSocketConnection" name="test_02_websocket_stays_open" time="3.186" /><testcase classname="tests.test_iteration32_websocket.TestWebSocketBroadcastOnOrderCreate" name="test_03_broadcast_on_order_create" time="1.501" /><testcase classname="tests.test_iteration32_websocket.TestWebSocketBroadcastOnOrderUpdate" name="test_04_broadcast_on_order_update" time="1.595" /><testcase classname="tests.test_iteration32_websocket.TestWebSocketBroadcastOnOrderMove" name="test_05_broadcast_on_order_move" time="1.528" /><testcase classname="tests.test_iteration32_websocket.TestWebSocketBroadcastOnOrderDelete" name="test_06_broadcast_on_order_delete" time="1.400" /><testcase classname="tests.test_iteration32_websocket.TestWebSocketBroadcastOnBulkMove" name="test_07_broadcast_on_bulk_move" time="1.894" /><testcase classname="tests.test_iteration32_websocket.TestWebSocketMessageFormat" name="test_08_message_format_json_with_type_and_data" time="1.435" /><testcase classname="tests.test_iteration32_websocket.TestCleanup" name="test_99_cleanup_ws_test_orders" time="2.285" /></testsuite></testsuites>