<?xml version="1.0" encoding="utf-8"?><testsuites name="pytest tests"><testsuite name="pytest" errors="0" failures="0" skipped="0" tests="9" time="0.432" timestamp="2026-03-09T19:27:43.383702+00:00" hostname="agent-env-891b4caa-50a7-41f8-abec-d2d1feef9823"><testcase classname="backend.tests.test_iteration43_saved_views_ninguno.TestMongoDBRoundtripNinguno" name="test_direct_mongodb_insert_ninguno" time="0.007" /><testcase classname="backend.tests.test_iteration43_saved_views_ninguno.TestMongoDBRoundtripNinguno" name="test_mongodb_update_with_ninguno" time="0.002" /><testcase classname="backend.tests.test_iteration43_saved_views_ninguno.TestAPIWithExistingSession" name="test_find_existing_session" time="0.001" /><testcase classname="backend.tests.test_iteration43_saved_views_ninguno.TestAPIWithExistingSession" name="test_create_test_session" time="0.000" /><testcase classname="backend.tests.test_iteration43_saved_views_ninguno.TestAPIWithExistingSession" name="test_get_config_options" time="0.165" /><testcase classname="backend.tests.test_iteration43_saved_views_ninguno.TestAPIWithExistingSession" name="test_get_orders_endpoint" time="0.058" /><testcase classname="backend.tests.test_iteration43_saved_views_ninguno.TestAPIWithExistingSession" name="test_saved_views_crud_with_ninguno" time="0.073" /><testcase classname="backend.tests.test_iteration43_saved_views_ninguno.TestCleanup" name="test_cleanup_test_data" time="0.002" /><testcase classname="backend.tests.test_iteration43_saved_views_ninguno.TestExistingViewsNingunoCheck" name="test_check_existing_views_for_ninguno" time="0.002" /></testsuite></testsuites>