<?xml version="1.0" encoding="utf-8"?><testsuites name="pytest tests"><testsuite name="pytest" errors="0" failures="0" skipped="0" tests="10" time="1.637" timestamp="2026-03-05T19:54:49.531917+00:00" hostname="agent-env-cb7697b3-7144-40f7-b9e7-de5b93ae11ea"><testcase classname="backend.tests.test_iteration24_capacity_plan_fix.TestCapacityPlanFix" name="test_01_capacity_plan_returns_total_completed" time="0.216" /><testcase classname="backend.tests.test_iteration24_capacity_plan_fix.TestCapacityPlanFix" name="test_02_capacity_plan_returns_in_production" time="0.151" /><testcase classname="backend.tests.test_iteration24_capacity_plan_fix.TestCapacityPlanFix" name="test_03_total_completed_equals_completos_qty_sum" time="0.148" /><testcase classname="backend.tests.test_iteration24_capacity_plan_fix.TestCapacityPlanFix" name="test_04_in_production_equals_machine_boards_qty_sum" time="0.153" /><testcase classname="backend.tests.test_iteration24_capacity_plan_fix.TestCapacityPlanFix" name="test_05_no_old_total_produced_field" time="0.225" /><testcase classname="backend.tests.test_iteration24_capacity_plan_fix.TestCapacityPlanFix" name="test_06_machine_total_produced_excludes_deleted_orders" time="0.135" /><testcase classname="backend.tests.test_iteration24_capacity_plan_fix.TestCapacityPlanFix" name="test_07_machines_array_has_14_entries" time="0.146" /><testcase classname="backend.tests.test_iteration24_capacity_plan_fix.TestCapacityPlanFix" name="test_08_machine_structure_correct" time="0.161" /><testcase classname="backend.tests.test_iteration24_capacity_plan_fix.TestCapacityPlanFix" name="test_09_unauthorized_returns_401" time="0.121" /><testcase classname="backend.tests.test_iteration24_capacity_plan_fix.TestCapacityPlanFix" name="test_10_total_pieces_system_present" time="0.123" /></testsuite></testsuites>