<?xml version="1.0" encoding="utf-8"?><testsuites name="pytest tests"><testsuite name="pytest" errors="0" failures="12" skipped="0" tests="22" time="4.379" timestamp="2026-03-18T14:31:32.631413+00:00" hostname="agent-env-942036ea-139f-49ec-9ae3-bf2e7c4e8565"><testcase classname="backend.tests.test_iteration48_email_auth.TestEmailLogin" name="test_login_success" time="0.460"><failure message="AssertionError: Expected 200, got 401: {&quot;detail&quot;:&quot;Credenciales invalidas&quot;}&#10;assert 401 == 200&#10; +  where 401 = &lt;Response [401]&gt;.status_code">backend/tests/test_iteration48_email_auth.py:139: in test_login_success
    assert response.status_code == 200, f"Expected 200, got {response.status_code}: {response.text}"
E   AssertionError: Expected 200, got 401: {"detail":"Credenciales invalidas"}
E   assert 401 == 200
E    +  where 401 = &lt;Response [401]&gt;.status_code</failure></testcase><testcase classname="backend.tests.test_iteration48_email_auth.TestEmailLogin" name="test_login_wrong_password" time="0.124" /><testcase classname="backend.tests.test_iteration48_email_auth.TestEmailLogin" name="test_login_nonexistent_email" time="0.142" /><testcase classname="backend.tests.test_iteration48_email_auth.TestEmailLogin" name="test_login_missing_fields" time="0.156" /><testcase classname="backend.tests.test_iteration48_email_auth.TestAdminCreateUser" name="test_create_user_success" time="0.578"><failure message="AssertionError: assert 'TEST_AUTH_newuser_ac948f9d@test.com' in 'Usuario test_auth_newuser_ac948f9d@test.com creado exitosamente'">backend/tests/test_iteration48_email_auth.py:216: in test_create_user_success
    assert new_email in data["message"]
E   AssertionError: assert 'TEST_AUTH_newuser_ac948f9d@test.com' in 'Usuario test_auth_newuser_ac948f9d@test.com creado exitosamente'</failure></testcase><testcase classname="backend.tests.test_iteration48_email_auth.TestAdminCreateUser" name="test_create_user_invalid_email" time="0.152"><failure message="AssertionError: Expected 400, got 401&#10;assert 401 == 400&#10; +  where 401 = &lt;Response [401]&gt;.status_code">backend/tests/test_iteration48_email_auth.py:235: in test_create_user_invalid_email
    assert response.status_code == 400, f"Expected 400, got {response.status_code}"
E   AssertionError: Expected 400, got 401
E   assert 401 == 400
E    +  where 401 = &lt;Response [401]&gt;.status_code</failure></testcase><testcase classname="backend.tests.test_iteration48_email_auth.TestAdminCreateUser" name="test_create_user_short_password" time="0.109"><failure message="AssertionError: Expected 400, got 401&#10;assert 401 == 400&#10; +  where 401 = &lt;Response [401]&gt;.status_code">backend/tests/test_iteration48_email_auth.py:247: in test_create_user_short_password
    assert response.status_code == 400, f"Expected 400, got {response.status_code}"
E   AssertionError: Expected 400, got 401
E   assert 401 == 400
E    +  where 401 = &lt;Response [401]&gt;.status_code</failure></testcase><testcase classname="backend.tests.test_iteration48_email_auth.TestAdminCreateUser" name="test_create_user_duplicate_email" time="0.154"><failure message="AssertionError: Expected 400, got 401&#10;assert 401 == 400&#10; +  where 401 = &lt;Response [401]&gt;.status_code">backend/tests/test_iteration48_email_auth.py:259: in test_create_user_duplicate_email
    assert response.status_code == 400, f"Expected 400, got {response.status_code}"
E   AssertionError: Expected 400, got 401
E   assert 401 == 400
E    +  where 401 = &lt;Response [401]&gt;.status_code</failure></testcase><testcase classname="backend.tests.test_iteration48_email_auth.TestAdminCreateUser" name="test_create_user_unauthorized" time="0.117" /><testcase classname="backend.tests.test_iteration48_email_auth.TestForgotPassword" name="test_forgot_password_existing_user" time="0.108"><failure message="AssertionError: reset_link should be returned when RESEND_API_KEY is not configured&#10;assert 'reset_link' in {'message': 'Si el email existe, se envio un enlace de recuperacion'}">backend/tests/test_iteration48_email_auth.py:291: in test_forgot_password_existing_user
    assert "reset_link" in data, "reset_link should be returned when RESEND_API_KEY is not configured"
E   AssertionError: reset_link should be returned when RESEND_API_KEY is not configured
E   assert 'reset_link' in {'message': 'Si el email existe, se envio un enlace de recuperacion'}</failure></testcase><testcase classname="backend.tests.test_iteration48_email_auth.TestForgotPassword" name="test_forgot_password_nonexistent_email" time="0.140" /><testcase classname="backend.tests.test_iteration48_email_auth.TestForgotPassword" name="test_forgot_password_google_user" time="0.120" /><testcase classname="backend.tests.test_iteration48_email_auth.TestResetPassword" name="test_reset_password_success" time="0.157"><failure message="AssertionError: Should have a reset token&#10;assert None">backend/tests/test_iteration48_email_auth.py:351: in test_reset_password_success
    assert token, "Should have a reset token"
E   AssertionError: Should have a reset token
E   assert None</failure></testcase><testcase classname="backend.tests.test_iteration48_email_auth.TestResetPassword" name="test_reset_password_invalid_token" time="0.229" /><testcase classname="backend.tests.test_iteration48_email_auth.TestResetPassword" name="test_reset_password_used_token" time="0.361" /><testcase classname="backend.tests.test_iteration48_email_auth.TestResetPassword" name="test_reset_password_expired_token" time="0.271" /><testcase classname="backend.tests.test_iteration48_email_auth.TestResetPassword" name="test_reset_password_short_password" time="0.192"><failure message="AssertionError: assert '6 caracteres' in 'Token y contrasena requeridos'&#10; +  where 'Token y contrasena requeridos' = &lt;built-in method get of dict object at 0xfc573630f340&gt;('detail', '')&#10; +    where &lt;built-in method get of dict object at 0xfc573630f340&gt; = {'detail': 'Token y contrasena requeridos'}.get&#10; +      where {'detail': 'Token y contrasena requeridos'} = json()&#10; +        where json = &lt;Response [400]&gt;.json">backend/tests/test_iteration48_email_auth.py:453: in test_reset_password_short_password
    assert "6 caracteres" in response.json().get("detail", "")
E   AssertionError: assert '6 caracteres' in 'Token y contrasena requeridos'
E    +  where 'Token y contrasena requeridos' = &lt;built-in method get of dict object at 0xfc573630f340&gt;('detail', '')
E    +    where &lt;built-in method get of dict object at 0xfc573630f340&gt; = {'detail': 'Token y contrasena requeridos'}.get
E    +      where {'detail': 'Token y contrasena requeridos'} = json()
E    +        where json = &lt;Response [400]&gt;.json</failure></testcase><testcase classname="backend.tests.test_iteration48_email_auth.TestAuthMe" name="test_auth_me_returns_user" time="0.158"><failure message="AssertionError: Expected 200, got 401&#10;assert 401 == 200&#10; +  where 401 = &lt;Response [401]&gt;.status_code">backend/tests/test_iteration48_email_auth.py:476: in test_auth_me_returns_user
    assert response.status_code == 200, f"Expected 200, got {response.status_code}"
E   AssertionError: Expected 200, got 401
E   assert 401 == 200
E    +  where 401 = &lt;Response [401]&gt;.status_code</failure></testcase><testcase classname="backend.tests.test_iteration48_email_auth.TestAuthMe" name="test_auth_me_unauthenticated" time="0.133" /><testcase classname="backend.tests.test_iteration48_email_auth.TestUsersEndpoint" name="test_users_list_excludes_password_hash" time="0.130"><failure message="AssertionError: Expected 200, got 401&#10;assert 401 == 200&#10; +  where 401 = &lt;Response [401]&gt;.status_code">backend/tests/test_iteration48_email_auth.py:503: in test_users_list_excludes_password_hash
    assert response.status_code == 200, f"Expected 200, got {response.status_code}"
E   AssertionError: Expected 200, got 401
E   assert 401 == 200
E    +  where 401 = &lt;Response [401]&gt;.status_code</failure></testcase><testcase classname="backend.tests.test_iteration48_email_auth.TestAuthTypeField" name="test_email_user_has_auth_type_email" time="0.001"><failure message="TypeError: 'NoneType' object is not subscriptable">backend/tests/test_iteration48_email_auth.py:521: in test_email_user_has_auth_type_email
    assert user["auth_type"] == "email", f"Expected auth_type='email', got {user.get('auth_type')}"
           ^^^^^^^^^^^^^^^^^
E   TypeError: 'NoneType' object is not subscriptable</failure></testcase><testcase classname="backend.tests.test_iteration48_email_auth.TestAuthTypeField" name="test_created_email_user_has_auth_type_email" time="0.111"><failure message="assert None is not None">backend/tests/test_iteration48_email_auth.py:536: in test_created_email_user_has_auth_type_email
    assert user is not None
E   assert None is not None</failure></testcase></testsuite></testsuites>