<?xml version="1.0" encoding="utf-8"?><testsuites name="pytest tests"><testsuite name="pytest" errors="0" failures="0" skipped="0" tests="14" time="3.370" timestamp="2026-03-18T20:08:15.880373+00:00" hostname="agent-env-942036ea-139f-49ec-9ae3-bf2e7c4e8565"><testcase classname="backend.tests.test_wms_iteration53.TestReceivingModuleRedesign" name="test_01_create_receiving_with_all_new_fields" time="0.160" /><testcase classname="backend.tests.test_wms_iteration53.TestReceivingModuleRedesign" name="test_02_verify_boxes_have_new_fields" time="0.124" /><testcase classname="backend.tests.test_wms_iteration53.TestReceivingModuleRedesign" name="test_03_verify_boxes_have_location_stored" time="0.122" /><testcase classname="backend.tests.test_wms_iteration53.TestReceivingModuleRedesign" name="test_04_receiving_without_location_creates_received_boxes" time="0.125" /><testcase classname="backend.tests.test_wms_iteration53.TestReceivingModuleRedesign" name="test_05_receiving_requires_style_and_items" time="0.349" /><testcase classname="backend.tests.test_wms_iteration53.TestPickTicketDirectCreation" name="test_01_create_pick_ticket_direct" time="0.118" /><testcase classname="backend.tests.test_wms_iteration53.TestPickTicketDirectCreation" name="test_02_list_pick_tickets_has_sizes" time="0.123" /><testcase classname="backend.tests.test_wms_iteration53.TestPickTicketDirectCreation" name="test_03_pick_ticket_requires_order_and_style" time="0.224" /><testcase classname="backend.tests.test_wms_iteration53.TestPickTicketDirectCreation" name="test_04_allocation_based_pick_ticket_still_works" time="0.900" /><testcase classname="backend.tests.test_wms_iteration53.TestSizesGridFormat" name="test_01_all_sizes_in_order" time="0.124" /><testcase classname="backend.tests.test_wms_iteration53.TestSizesGridFormat" name="test_02_zero_sizes_not_required" time="0.110" /><testcase classname="backend.tests.test_wms_iteration53.TestReceivingListEndpoint" name="test_receiving_list_has_new_fields" time="0.131" /><testcase classname="backend.tests.test_wms_iteration53.TestAuthRequired" name="test_receiving_requires_auth" time="0.119" /><testcase classname="backend.tests.test_wms_iteration53.TestAuthRequired" name="test_pick_tickets_requires_auth" time="0.173" /></testsuite></testsuites>