<?xml version="1.0" encoding="utf-8"?><testsuites name="pytest tests"><testsuite name="pytest" errors="0" failures="1" skipped="0" tests="14" time="1.586" timestamp="2026-02-27T01:24:07.827444+00:00" hostname="agent-env-f7867a38-9a81-44d3-a9e2-0560c48c6cda"><testcase classname="tests.test_iteration6_automations.TestAutomationRealtime" name="test_create_test_automation_for_status_change" time="0.267" /><testcase classname="tests.test_iteration6_automations.TestAutomationRealtime" name="test_create_test_order_for_automation" time="0.090" /><testcase classname="tests.test_iteration6_automations.TestAutomationRealtime" name="test_update_triggers_automation_returns_executed_array" time="0.063" /><testcase classname="tests.test_iteration6_automations.TestAutomationRealtime" name="test_order_moved_to_target_board_after_automation" time="0.069" /><testcase classname="tests.test_iteration6_automations.TestAutomationRealtime" name="test_final_order_state_returned_in_response" time="0.156" /><testcase classname="tests.test_iteration6_automations.TestAutomationRealtime" name="test_no_automations_when_condition_not_met" time="0.063"><failure message="AssertionError: Expected 0 automations for notes update, got 1&#10;assert 1 == 0&#10; +  where 1 = len([{'action': 'move_board', 'name': 'TEST_AutoMove_To_MAQUINA1', 'params': {'target_board': 'MAQUINA1'}}])">tests/test_iteration6_automations.py:154: in test_no_automations_when_condition_not_met
    assert len(automations) == 0, f"Expected 0 automations for notes update, got {len(automations)}"
E   AssertionError: Expected 0 automations for notes update, got 1
E   assert 1 == 0
E    +  where 1 = len([{'action': 'move_board', 'name': 'TEST_AutoMove_To_MAQUINA1', 'params': {'target_board': 'MAQUINA1'}}])</failure></testcase><testcase classname="tests.test_iteration6_automations.TestAutomationRealtime" name="test_cleanup_test_automation" time="0.094" /><testcase classname="tests.test_iteration6_automations.TestAutomationRealtime" name="test_cleanup_test_order" time="0.086" /><testcase classname="tests.test_iteration6_automations.TestAssignFieldAutomation" name="test_create_assign_field_automation" time="0.075" /><testcase classname="tests.test_iteration6_automations.TestAssignFieldAutomation" name="test_assign_field_automation_triggers" time="0.127" /><testcase classname="tests.test_iteration6_automations.TestAssignFieldAutomation" name="test_cleanup_assign_field_test_data" time="0.212" /><testcase classname="tests.test_iteration6_automations.TestAnalyticsData" name="test_orders_have_quantity_field" time="0.064" /><testcase classname="tests.test_iteration6_automations.TestAnalyticsData" name="test_orders_by_board_for_analytics" time="0.066" /><testcase classname="tests.test_iteration6_automations.TestAnalyticsData" name="test_orders_by_production_status_for_analytics" time="0.065" /></testsuite></testsuites>