<?xml version="1.0" encoding="utf-8"?><testsuites name="pytest tests"><testsuite name="pytest" errors="0" failures="0" skipped="0" tests="11" time="2.586" timestamp="2026-03-06T20:33:41.036715+00:00" hostname="agent-env-f85d3a15-2ce7-406f-bd81-e5d81c9a858c"><testcase classname="backend.tests.test_iteration39_hidden_boards.TestHiddenBoardsAPI" name="test_get_hidden_boards_unauthenticated" time="0.136" /><testcase classname="backend.tests.test_iteration39_hidden_boards.TestHiddenBoardsAPI" name="test_get_hidden_boards_with_auth" time="0.147" /><testcase classname="backend.tests.test_iteration39_hidden_boards.TestHiddenBoardsAPI" name="test_get_hidden_boards_regular_user" time="0.128" /><testcase classname="backend.tests.test_iteration39_hidden_boards.TestHiddenBoardsAPI" name="test_put_hidden_boards_admin" time="0.285" /><testcase classname="backend.tests.test_iteration39_hidden_boards.TestHiddenBoardsAPI" name="test_put_hidden_boards_non_admin_returns_403" time="0.119" /><testcase classname="backend.tests.test_iteration39_hidden_boards.TestHiddenBoardsAPI" name="test_put_hidden_boards_unauthenticated_returns_401" time="0.135" /><testcase classname="backend.tests.test_iteration39_hidden_boards.TestHiddenBoardsAPI" name="test_toggle_board_visibility_workflow" time="0.633" /><testcase classname="backend.tests.test_iteration39_hidden_boards.TestBoardsEndpoint" name="test_get_boards" time="0.134" /><testcase classname="backend.tests.test_iteration39_hidden_boards.TestPapeleraDeReciclajeRename" name="test_boards_include_papelera" time="0.122" /><testcase classname="backend.tests.test_iteration39_hidden_boards.TestPapeleraDeReciclajeRename" name="test_trash_orders_use_papelera" time="0.519" /><testcase classname="backend.tests.test_iteration39_hidden_boards.TestCleanup" name="test_cleanup_hidden_boards" time="0.156" /></testsuite></testsuites>