<?xml version="1.0" encoding="utf-8"?><testsuites name="pytest tests"><testsuite name="pytest" errors="0" failures="0" skipped="0" tests="15" time="2.097" timestamp="2026-03-05T20:03:36.436156+00:00" hostname="agent-env-cb7697b3-7144-40f7-b9e7-de5b93ae11ea"><testcase classname="tests.test_iteration25_capacity_plan_maquina3_fix.TestCapacityPlanMaquina3Fix" name="test_01_capacity_plan_endpoint_accessible" time="0.213" /><testcase classname="tests.test_iteration25_capacity_plan_maquina3_fix.TestCapacityPlanMaquina3Fix" name="test_02_maquina3_has_zero_orders" time="0.176" /><testcase classname="tests.test_iteration25_capacity_plan_maquina3_fix.TestCapacityPlanMaquina3Fix" name="test_03_maquina3_has_zero_remaining_pieces" time="0.151" /><testcase classname="tests.test_iteration25_capacity_plan_maquina3_fix.TestCapacityPlanMaquina3Fix" name="test_04_maquina3_load_status_is_idle" time="0.131" /><testcase classname="tests.test_iteration25_capacity_plan_maquina3_fix.TestCapacityPlanMaquina3Fix" name="test_05_maquina3_orders_in_progress_empty" time="0.125" /><testcase classname="tests.test_iteration25_capacity_plan_maquina3_fix.TestCapacityPlanMaquina3Fix" name="test_06_maquina1_has_one_order" time="0.109" /><testcase classname="tests.test_iteration25_capacity_plan_maquina3_fix.TestCapacityPlanMaquina3Fix" name="test_07_maquina1_order_details_correct" time="0.120" /><testcase classname="tests.test_iteration25_capacity_plan_maquina3_fix.TestCapacityPlanMaquina3Fix" name="test_08_maquina2_through_14_all_idle" time="0.140" /><testcase classname="tests.test_iteration25_capacity_plan_maquina3_fix.TestCapacityPlanMaquina3Fix" name="test_09_total_completed_equals_completos_qty_sum" time="0.120" /><testcase classname="tests.test_iteration25_capacity_plan_maquina3_fix.TestCapacityPlanMaquina3Fix" name="test_10_in_production_equals_machine_boards_qty_sum" time="0.157" /><testcase classname="tests.test_iteration25_capacity_plan_maquina3_fix.TestGanttDataHistoricalLogs" name="test_11_gantt_data_endpoint_accessible" time="0.128" /><testcase classname="tests.test_iteration25_capacity_plan_maquina3_fix.TestGanttDataHistoricalLogs" name="test_12_gantt_shows_maquina3_historical_bars" time="0.117" /><testcase classname="tests.test_iteration25_capacity_plan_maquina3_fix.TestGanttDataHistoricalLogs" name="test_13_gantt_total_logs_count" time="0.109" /><testcase classname="tests.test_iteration25_capacity_plan_maquina3_fix.TestCapacityPlanStructure" name="test_14_response_has_required_fields" time="0.125" /><testcase classname="tests.test_iteration25_capacity_plan_maquina3_fix.TestCapacityPlanStructure" name="test_15_machine_object_structure" time="0.111" /></testsuite></testsuites>