<?xml version="1.0" encoding="utf-8"?><testsuites name="pytest tests"><testsuite name="pytest" errors="0" failures="0" skipped="0" tests="10" time="0.998" timestamp="2026-03-05T23:05:22.029206+00:00" hostname="agent-env-f85d3a15-2ce7-406f-bd81-e5d81c9a858c"><testcase classname="tests.test_iteration31_automations_boards.TestAutomationsBoards" name="test_01_get_automations_before_create" time="0.183" /><testcase classname="tests.test_iteration31_automations_boards.TestAutomationsBoards" name="test_02_create_automation_with_boards" time="0.062" /><testcase classname="tests.test_iteration31_automations_boards.TestAutomationsBoards" name="test_03_create_automation_without_boards" time="0.064" /><testcase classname="tests.test_iteration31_automations_boards.TestAutomationsBoards" name="test_04_get_automation_has_boards_field" time="0.053" /><testcase classname="tests.test_iteration31_automations_boards.TestAutomationsBoards" name="test_05_update_automation_boards" time="0.057" /><testcase classname="tests.test_iteration31_automations_boards.TestAutomationsBoards" name="test_06_update_automation_clear_boards" time="0.070" /><testcase classname="tests.test_iteration31_automations_boards.TestAutomationsBoards" name="test_07_verify_boards_persistence" time="0.111" /><testcase classname="tests.test_iteration31_automations_boards.TestBackwardCompatibility" name="test_08_get_all_automations_have_boards_key" time="0.056" /><testcase classname="tests.test_iteration31_automations_boards.TestAutomationEngineLogic" name="test_09_create_automation_for_single_board" time="0.054" /><testcase classname="tests.test_iteration31_automations_boards.TestCleanup" name="test_99_cleanup_test_automations" time="0.226" /></testsuite></testsuites>