<?xml version="1.0" encoding="utf-8"?><testsuites name="pytest tests"><testsuite name="pytest" errors="0" failures="0" skipped="0" tests="6" time="2.043" timestamp="2026-03-17T22:19:45.825554+00:00" hostname="agent-env-942036ea-139f-49ec-9ae3-bf2e7c4e8565"><testcase classname="backend.tests.test_bug_fixes_iteration47.TestBug1CustomFieldsMerge" name="test_create_order_with_custom_fields_merged_at_top_level" time="0.569" /><testcase classname="backend.tests.test_bug_fixes_iteration47.TestBug1CustomFieldsMerge" name="test_create_order_with_model_extra_merged_at_top_level" time="0.150" /><testcase classname="backend.tests.test_bug_fixes_iteration47.TestBug1CustomFieldsMerge" name="test_create_order_verify_persistence_of_custom_fields" time="0.402" /><testcase classname="backend.tests.test_bug_fixes_iteration47.TestApiHealth" name="test_backend_health" time="0.216" /><testcase classname="backend.tests.test_bug_fixes_iteration47.TestApiHealth" name="test_orders_endpoint" time="0.173" /><testcase classname="backend.tests.test_bug_fixes_iteration47.TestApiHealth" name="test_config_columns_endpoint" time="0.471" /></testsuite></testsuites>