<?xml version="1.0" encoding="utf-8"?><testsuites name="pytest tests"><testsuite name="pytest" errors="0" failures="0" skipped="0" tests="6" time="2.197" timestamp="2026-02-26T21:18:43.491903+00:00" hostname="agent-env-f7867a38-9a81-44d3-a9e2-0560c48c6cda"><testcase classname="tests.test_trash_and_permanent_delete.TestTrashFunctionality" name="test_auth_is_working" time="0.219" /><testcase classname="tests.test_trash_and_permanent_delete.TestTrashFunctionality" name="test_get_trash_orders" time="0.153" /><testcase classname="tests.test_trash_and_permanent_delete.TestTrashFunctionality" name="test_move_order_to_trash_and_permanent_delete" time="0.735" /><testcase classname="tests.test_trash_and_permanent_delete.TestTrashFunctionality" name="test_permanent_delete_nonexistent_order" time="0.179" /><testcase classname="tests.test_trash_and_permanent_delete.TestTrashFunctionality" name="test_restore_order_from_trash" time="0.675" /><testcase classname="tests.test_trash_and_permanent_delete.TestConfigOptions" name="test_get_config_options" time="0.179" /></testsuite></testsuites>