<?xml version="1.0" encoding="utf-8"?><testsuites name="pytest tests"><testsuite name="pytest" errors="0" failures="1" skipped="0" tests="12" time="4.732" timestamp="2026-03-03T18:43:48.508507+00:00" hostname="agent-env-7dafebf6-7cfe-4641-ae58-c1933b0005f6"><testcase classname="backend.tests.test_phase2_features.TestSavedViewsCRUD" name="test_get_saved_views_returns_list" time="0.205" /><testcase classname="backend.tests.test_phase2_features.TestSavedViewsCRUD" name="test_create_saved_view_basic" time="0.295" /><testcase classname="backend.tests.test_phase2_features.TestSavedViewsCRUD" name="test_create_saved_view_pinned" time="0.323" /><testcase classname="backend.tests.test_phase2_features.TestSavedViewsCRUD" name="test_update_saved_view_pinned_status" time="0.628" /><testcase classname="backend.tests.test_phase2_features.TestSavedViewsCRUD" name="test_update_saved_view_name" time="0.458" /><testcase classname="backend.tests.test_phase2_features.TestSavedViewsCRUD" name="test_delete_saved_view" time="0.327" /><testcase classname="backend.tests.test_phase2_features.TestSavedViewsCRUD" name="test_saved_views_unauthenticated" time="0.244" /><testcase classname="backend.tests.test_phase2_features.TestCalendarDragDropUpdate" name="test_create_order_with_due_date" time="0.340" /><testcase classname="backend.tests.test_phase2_features.TestCalendarDragDropUpdate" name="test_update_order_due_date" time="0.452" /><testcase classname="backend.tests.test_phase2_features.TestCalendarDragDropUpdate" name="test_update_order_due_date_clear" time="0.452"><failure message="AssertionError: Expected due_date=None, got 2026-02-01&#10;assert '2026-02-01' is None">backend/tests/test_phase2_features.py:247: in test_update_order_due_date_clear
    assert fetched_order["due_date"] is None, f"Expected due_date=None, got {fetched_order.get('due_date')}"
E   AssertionError: Expected due_date=None, got 2026-02-01
E   assert '2026-02-01' is None</failure></testcase><testcase classname="backend.tests.test_phase2_features.TestCalendarDragDropUpdate" name="test_get_orders_with_due_dates" time="0.794" /><testcase classname="backend.tests.test_phase2_features.TestBoardFiltering" name="test_get_orders_by_scheduling_board" time="0.108" /></testsuite></testsuites>