<?xml version="1.0" encoding="utf-8"?><testsuites name="pytest tests"><testsuite name="pytest" errors="0" failures="0" skipped="0" tests="12" time="5.558" timestamp="2026-03-18T15:45:45.166219+00:00" hostname="agent-env-942036ea-139f-49ec-9ae3-bf2e7c4e8565"><testcase classname="backend.tests.test_iteration49_comprehensive_smoke.TestBackendHealth" name="test_get_boards_list" time="0.142" /><testcase classname="backend.tests.test_iteration49_comprehensive_smoke.TestEmailAuth" name="test_login_valid_credentials" time="0.805" /><testcase classname="backend.tests.test_iteration49_comprehensive_smoke.TestEmailAuth" name="test_login_wrong_credentials" time="0.108" /><testcase classname="backend.tests.test_iteration49_comprehensive_smoke.TestEmailAuth" name="test_create_user_success" time="0.359" /><testcase classname="backend.tests.test_iteration49_comprehensive_smoke.TestEmailAuth" name="test_create_user_duplicate_email" time="0.500" /><testcase classname="backend.tests.test_iteration49_comprehensive_smoke.TestEmailAuth" name="test_forgot_password_returns_reset_link" time="0.471" /><testcase classname="backend.tests.test_iteration49_comprehensive_smoke.TestEmailAuth" name="test_reset_password_valid_token" time="1.123" /><testcase classname="backend.tests.test_iteration49_comprehensive_smoke.TestUserManagement" name="test_update_user_profile" time="0.462" /><testcase classname="backend.tests.test_iteration49_comprehensive_smoke.TestUserManagement" name="test_change_user_password" time="1.088" /><testcase classname="backend.tests.test_iteration49_comprehensive_smoke.TestUserManagement" name="test_get_users_excludes_password_hash" time="0.148" /><testcase classname="backend.tests.test_iteration49_comprehensive_smoke.TestOrders" name="test_create_order_custom_fields_at_top_level" time="0.139" /><testcase classname="backend.tests.test_iteration49_comprehensive_smoke.TestOrders" name="test_get_orders_returns_list" time="0.148" /></testsuite></testsuites>