<?xml version="1.0" encoding="utf-8"?><testsuites name="pytest tests"><testsuite name="pytest" errors="0" failures="0" skipped="0" tests="17" time="2.405" timestamp="2026-03-03T19:50:18.737216+00:00" hostname="agent-env-7dafebf6-7cfe-4641-ae58-c1933b0005f6"><testcase classname="backend.tests.test_phase5_gantt_capacity.TestGanttDataEndpoint" name="test_gantt_data_requires_authentication" time="0.186" /><testcase classname="backend.tests.test_phase5_gantt_capacity.TestGanttDataEndpoint" name="test_gantt_data_returns_bars_and_pending" time="0.133" /><testcase classname="backend.tests.test_phase5_gantt_capacity.TestGanttDataEndpoint" name="test_gantt_data_bar_structure" time="0.114" /><testcase classname="backend.tests.test_phase5_gantt_capacity.TestGanttDataEndpoint" name="test_gantt_data_pending_structure" time="0.113" /><testcase classname="backend.tests.test_phase5_gantt_capacity.TestGanttDataEndpoint" name="test_gantt_data_supports_date_params" time="0.118" /><testcase classname="backend.tests.test_phase5_gantt_capacity.TestGanttDataEndpoint" name="test_gantt_data_filters_by_date_range" time="0.150" /><testcase classname="backend.tests.test_phase5_gantt_capacity.TestCapacityPlanEndpoint" name="test_capacity_plan_requires_authentication" time="0.126" /><testcase classname="backend.tests.test_phase5_gantt_capacity.TestCapacityPlanEndpoint" name="test_capacity_plan_returns_14_machines" time="0.105" /><testcase classname="backend.tests.test_phase5_gantt_capacity.TestCapacityPlanEndpoint" name="test_capacity_plan_machine_structure" time="0.169" /><testcase classname="backend.tests.test_phase5_gantt_capacity.TestCapacityPlanEndpoint" name="test_capacity_plan_machine_names" time="0.106" /><testcase classname="backend.tests.test_phase5_gantt_capacity.TestCapacityPlanEndpoint" name="test_capacity_plan_load_status_values" time="0.130" /><testcase classname="backend.tests.test_phase5_gantt_capacity.TestCapacityPlanEndpoint" name="test_capacity_plan_load_status_thresholds" time="0.151" /><testcase classname="backend.tests.test_phase5_gantt_capacity.TestCapacityPlanEndpoint" name="test_capacity_plan_maquina3_is_red" time="0.103" /><testcase classname="backend.tests.test_phase5_gantt_capacity.TestCapacityPlanEndpoint" name="test_capacity_plan_maquina5_is_green" time="0.105" /><testcase classname="backend.tests.test_phase5_gantt_capacity.TestCapacityPlanEndpoint" name="test_capacity_plan_orders_in_progress" time="0.121" /><testcase classname="backend.tests.test_phase5_gantt_capacity.TestGanttCapacityIntegration" name="test_gantt_machines_match_capacity_machines" time="0.173" /><testcase classname="backend.tests.test_phase5_gantt_capacity.TestGanttCapacityIntegration" name="test_both_endpoints_available" time="0.203" /></testsuite></testsuites>