<?xml version="1.0" encoding="utf-8"?><testsuites name="pytest tests"><testsuite name="pytest" errors="0" failures="0" skipped="0" tests="14" time="6.861" timestamp="2026-03-18T21:04:27.754228+00:00" hostname="agent-env-942036ea-139f-49ec-9ae3-bf2e7c4e8565"><testcase classname="backend.tests.test_wms_operator_module.TestOperatorListEndpoint" name="test_01_operators_endpoint_returns_list" time="0.573" /><testcase classname="backend.tests.test_wms_operator_module.TestOperatorListEndpoint" name="test_02_operators_endpoint_requires_auth" time="0.143" /><testcase classname="backend.tests.test_wms_operator_module.TestPickTicketOperatorAssignment" name="test_01_create_pick_ticket_with_operator_assignment" time="0.629" /><testcase classname="backend.tests.test_wms_operator_module.TestPickTicketOperatorAssignment" name="test_02_create_pick_ticket_without_operator_has_unassigned_status" time="0.510" /><testcase classname="backend.tests.test_wms_operator_module.TestAssignPickTicket" name="test_01_admin_can_assign_ticket_to_operator" time="0.803" /><testcase classname="backend.tests.test_wms_operator_module.TestAssignPickTicket" name="test_02_assign_requires_admin_role" time="0.462" /><testcase classname="backend.tests.test_wms_operator_module.TestAssignPickTicket" name="test_03_assign_requires_auth" time="0.133" /><testcase classname="backend.tests.test_wms_operator_module.TestOperatorMyTickets" name="test_01_operator_can_get_assigned_tickets" time="0.479" /><testcase classname="backend.tests.test_wms_operator_module.TestOperatorMyTickets" name="test_02_my_tickets_requires_auth" time="0.121" /><testcase classname="backend.tests.test_wms_operator_module.TestPickProgress" name="test_01_save_partial_picking_progress" time="1.111" /><testcase classname="backend.tests.test_wms_operator_module.TestPickProgress" name="test_02_save_complete_picking" time="1.103" /><testcase classname="backend.tests.test_wms_operator_module.TestPickProgress" name="test_03_pick_progress_requires_auth" time="0.161" /><testcase classname="backend.tests.test_wms_operator_module.TestOperatorCompletedTickets" name="test_01_operator_can_get_completed_tickets" time="0.435" /><testcase classname="backend.tests.test_wms_operator_module.TestOperatorCompletedTickets" name="test_02_completed_tickets_requires_auth" time="0.118" /></testsuite></testsuites>