<?xml version="1.0" encoding="utf-8"?><testsuites name="pytest tests"><testsuite name="pytest" errors="0" failures="0" skipped="0" tests="12" time="6.720" timestamp="2026-03-06T16:33:37.915003+00:00" hostname="agent-env-f85d3a15-2ce7-406f-bd81-e5d81c9a858c"><testcase classname="backend.tests.test_board_layout.TestBoardLayoutEndpoints" name="test_get_board_layout_requires_auth" time="0.994" /><testcase classname="backend.tests.test_board_layout.TestBoardLayoutEndpoints" name="test_get_board_layout_with_auth" time="0.258" /><testcase classname="backend.tests.test_board_layout.TestBoardLayoutEndpoints" name="test_get_board_layout_regular_user_can_read" time="0.192" /><testcase classname="backend.tests.test_board_layout.TestBoardLayoutEndpoints" name="test_put_board_layout_requires_auth" time="0.274" /><testcase classname="backend.tests.test_board_layout.TestBoardLayoutEndpoints" name="test_put_board_layout_forbidden_for_non_admin" time="0.300" /><testcase classname="backend.tests.test_board_layout.TestBoardLayoutEndpoints" name="test_put_board_layout_admin_can_save" time="0.280" /><testcase classname="backend.tests.test_board_layout.TestBoardLayoutEndpoints" name="test_put_board_layout_persists_data" time="0.664" /><testcase classname="backend.tests.test_board_layout.TestBoardLayoutEndpoints" name="test_layout_is_global_not_per_user" time="0.533" /><testcase classname="backend.tests.test_board_layout.TestBoardLayoutEndpoints" name="test_layout_update_replaces_previous" time="0.763" /><testcase classname="backend.tests.test_board_layout.TestBoardLayoutEndpoints" name="test_empty_layout_for_nonexistent_board" time="0.209" /><testcase classname="backend.tests.test_board_layout.TestBoardLayoutEndpoints" name="test_save_empty_column_order" time="0.824" /><testcase classname="backend.tests.test_board_layout.TestBoardLayoutRealBoard" name="test_scheduling_board_layout_crud" time="1.362" /></testsuite></testsuites>