<?xml version="1.0" encoding="utf-8"?><testsuites name="pytest tests"><testsuite name="pytest" errors="0" failures="0" skipped="0" tests="14" time="3.010" timestamp="2026-03-05T22:56:23.159466+00:00" hostname="agent-env-f85d3a15-2ce7-406f-bd81-e5d81c9a858c"><testcase classname="tests.test_operators_crud.TestOperatorsAuth" name="test_01_list_operators_requires_auth" time="0.196" /><testcase classname="tests.test_operators_crud.TestOperatorsAuth" name="test_02_create_operator_requires_admin" time="0.460" /><testcase classname="tests.test_operators_crud.TestOperatorsCRUD" name="test_03_list_operators_with_auth" time="0.172" /><testcase classname="tests.test_operators_crud.TestOperatorsCRUD" name="test_04_create_operator" time="0.071" /><testcase classname="tests.test_operators_crud.TestOperatorsCRUD" name="test_05_create_operator_rejects_empty_name" time="0.069" /><testcase classname="tests.test_operators_crud.TestOperatorsCRUD" name="test_06_create_operator_rejects_duplicate_name" time="0.180" /><testcase classname="tests.test_operators_crud.TestOperatorsCRUD" name="test_07_get_operators_includes_created" time="0.171" /><testcase classname="tests.test_operators_crud.TestOperatorsCRUD" name="test_08_update_operator_name" time="0.200" /><testcase classname="tests.test_operators_crud.TestOperatorsCRUD" name="test_09_update_operator_active_status" time="0.227" /><testcase classname="tests.test_operators_crud.TestOperatorsCRUD" name="test_10_update_nonexistent_operator_returns_404" time="0.072" /><testcase classname="tests.test_operators_crud.TestOperatorsCRUD" name="test_11_delete_operator" time="0.215" /><testcase classname="tests.test_operators_crud.TestOperatorsCRUD" name="test_12_delete_nonexistent_operator_returns_404" time="0.062" /><testcase classname="tests.test_operators_crud.TestProductionModalOperatorDropdown" name="test_13_only_active_operators_should_appear_in_production_dropdown" time="0.262" /><testcase classname="tests.test_operators_crud.TestCleanup" name="test_99_cleanup_test_operators" time="0.578" /></testsuite></testsuites>