<?xml version="1.0" encoding="utf-8"?><testsuites name="pytest tests"><testsuite name="pytest" errors="0" failures="0" skipped="0" tests="19" time="2.443" timestamp="2026-02-26T21:49:47.846174+00:00" hostname="agent-env-f7867a38-9a81-44d3-a9e2-0560c48c6cda"><testcase classname="tests.test_iteration4_features.TestAuth" name="test_auth_me_returns_admin_user" time="0.172" /><testcase classname="tests.test_iteration4_features.TestAuth" name="test_auth_me_without_token_returns_401" time="0.139" /><testcase classname="tests.test_iteration4_features.TestConfigColors" name="test_get_colors_returns_object" time="0.067" /><testcase classname="tests.test_iteration4_features.TestConfigColors" name="test_put_colors_saves_mapping" time="0.149" /><testcase classname="tests.test_iteration4_features.TestConfigColors" name="test_get_colors_without_auth_returns_401" time="0.064" /><testcase classname="tests.test_iteration4_features.TestUsersManagement" name="test_get_users_returns_list" time="0.069" /><testcase classname="tests.test_iteration4_features.TestUsersManagement" name="test_get_users_without_auth_returns_401" time="0.068" /><testcase classname="tests.test_iteration4_features.TestUsersManagement" name="test_invite_user_creates_entry" time="0.211" /><testcase classname="tests.test_iteration4_features.TestUsersManagement" name="test_invite_duplicate_user_returns_400" time="0.209" /><testcase classname="tests.test_iteration4_features.TestUsersManagement" name="test_invite_invalid_email_returns_400" time="0.062" /><testcase classname="tests.test_iteration4_features.TestUsersManagement" name="test_update_user_role" time="0.310" /><testcase classname="tests.test_iteration4_features.TestUsersManagement" name="test_delete_user_removes_entry" time="0.209" /><testcase classname="tests.test_iteration4_features.TestUsersManagement" name="test_delete_admin_email_returns_400" time="0.083" /><testcase classname="tests.test_iteration4_features.TestUsersManagement" name="test_delete_nonexistent_user_returns_404" time="0.070" /><testcase classname="tests.test_iteration4_features.TestConfigOptions" name="test_get_options_returns_all_categories" time="0.073" /><testcase classname="tests.test_iteration4_features.TestAutomations" name="test_get_automations_returns_list" time="0.069" /><testcase classname="tests.test_iteration4_features.TestAutomations" name="test_create_automation_with_conditions" time="0.136" /><testcase classname="tests.test_iteration4_features.TestOrders" name="test_get_orders_returns_list" time="0.078" /><testcase classname="tests.test_iteration4_features.TestOrders" name="test_create_order_and_verify" time="0.134" /></testsuite></testsuites>