<?xml version="1.0" encoding="utf-8"?><testsuites name="pytest tests"><testsuite name="pytest" errors="0" failures="0" skipped="0" tests="9" time="3.877" timestamp="2026-03-06T18:19:17.574371+00:00" hostname="agent-env-f85d3a15-2ce7-406f-bd81-e5d81c9a858c"><testcase classname="backend.tests.test_iteration36_form_fields.TestFormFieldsAPI" name="test_get_form_fields_authenticated" time="1.896" /><testcase classname="backend.tests.test_iteration36_form_fields.TestFormFieldsAPI" name="test_get_form_fields_unauthenticated" time="0.110" /><testcase classname="backend.tests.test_iteration36_form_fields.TestFormFieldsAPI" name="test_get_form_fields_regular_user_can_read" time="0.124" /><testcase classname="backend.tests.test_iteration36_form_fields.TestFormFieldsAPI" name="test_put_form_fields_admin_success" time="0.378" /><testcase classname="backend.tests.test_iteration36_form_fields.TestFormFieldsAPI" name="test_put_form_fields_non_admin_returns_403" time="0.161" /><testcase classname="backend.tests.test_iteration36_form_fields.TestFormFieldsAPI" name="test_put_form_fields_unauthenticated" time="0.119" /><testcase classname="backend.tests.test_iteration36_form_fields.TestFormFieldsAPI" name="test_put_form_fields_empty_list" time="0.125" /><testcase classname="backend.tests.test_iteration36_form_fields.TestFormFieldsAPI" name="test_put_form_fields_with_custom_columns" time="0.259" /><testcase classname="backend.tests.test_iteration36_form_fields.TestFormFieldsDataPersistence" name="test_fields_persist_across_requests" time="0.556" /></testsuite></testsuites>