<?xml version="1.0" encoding="utf-8"?><testsuites name="pytest tests"><testsuite name="pytest" errors="0" failures="0" skipped="0" tests="18" time="9.095" timestamp="2026-03-18T23:00:51.710199+00:00" hostname="agent-env-942036ea-139f-49ec-9ae3-bf2e7c4e8565"><testcase classname="backend.tests.test_wms_iteration56.TestFieldOptionsEndpoint" name="test_field_options_returns_200" time="0.598" /><testcase classname="backend.tests.test_wms_iteration56.TestFieldOptionsEndpoint" name="test_field_options_has_descriptions_array" time="0.476" /><testcase classname="backend.tests.test_wms_iteration56.TestFieldOptionsEndpoint" name="test_field_options_has_countries_array" time="0.490" /><testcase classname="backend.tests.test_wms_iteration56.TestFieldOptionsEndpoint" name="test_field_options_has_fabrics_array" time="0.531" /><testcase classname="backend.tests.test_wms_iteration56.TestFieldOptionsEndpoint" name="test_field_options_excludes_null_values" time="0.498" /><testcase classname="backend.tests.test_wms_iteration56.TestFieldOptionsEndpoint" name="test_field_options_excludes_empty_strings" time="0.507" /><testcase classname="backend.tests.test_wms_iteration56.TestFieldOptionsEndpoint" name="test_field_options_excludes_dot_values" time="0.483" /><testcase classname="backend.tests.test_wms_iteration56.TestFieldOptionsEndpoint" name="test_field_options_requires_auth" time="0.442" /><testcase classname="backend.tests.test_wms_iteration56.TestWebSocketBroadcastOnPickTicketCreate" name="test_create_pick_ticket_with_assigned_to_returns_200" time="0.495" /><testcase classname="backend.tests.test_wms_iteration56.TestWebSocketBroadcastOnPickTicketCreate" name="test_create_pick_ticket_without_assigned_to_succeeds" time="0.411" /><testcase classname="backend.tests.test_wms_iteration56.TestWebSocketBroadcastOnAssign" name="test_assign_ticket_endpoint_exists" time="0.511" /><testcase classname="backend.tests.test_wms_iteration56.TestWebSocketBroadcastOnAssign" name="test_assign_ticket_updates_fields" time="0.574" /><testcase classname="backend.tests.test_wms_iteration56.TestWebSocketBroadcastOnAssign" name="test_assign_ticket_returns_message" time="0.555" /><testcase classname="backend.tests.test_wms_iteration56.TestWebSocketBroadcastOnAssign" name="test_assign_ticket_requires_admin" time="0.682" /><testcase classname="backend.tests.test_wms_iteration56.TestWebSocketBroadcastOnAssign" name="test_assign_nonexistent_ticket_returns_404" time="0.422" /><testcase classname="backend.tests.test_wms_iteration56.TestWebSocketBroadcastOnAssign" name="test_assign_without_operator_id_returns_400" time="0.519" /><testcase classname="backend.tests.test_wms_iteration56.TestOperatorsEndpoint" name="test_operators_endpoint_returns_list" time="0.399" /><testcase classname="backend.tests.test_wms_iteration56.TestOperatorsEndpoint" name="test_operators_have_required_fields" time="0.415" /></testsuite></testsuites>