<?xml version="1.0" encoding="utf-8"?><testsuites name="pytest tests"><testsuite name="pytest" errors="0" failures="0" skipped="0" tests="13" time="6.715" timestamp="2026-03-03T23:58:38.870541+00:00" hostname="agent-env-83a7d035-e989-4856-afc8-ff9604ba0e96"><testcase classname="backend.tests.test_iteration16_bug_fixes.TestBug1ColumnReorderCustomColumns" name="test_get_column_config" time="1.073" /><testcase classname="backend.tests.test_iteration16_bug_fixes.TestBug1ColumnReorderCustomColumns" name="test_save_custom_column" time="0.122" /><testcase classname="backend.tests.test_iteration16_bug_fixes.TestBug1ColumnReorderCustomColumns" name="test_custom_columns_persist" time="0.121" /><testcase classname="backend.tests.test_iteration16_bug_fixes.TestBug2StickyHeaders" name="test_health_check" time="0.528" /><testcase classname="backend.tests.test_iteration16_bug_fixes.TestBug2StickyHeaders" name="test_orders_endpoint_accessible" time="0.156" /><testcase classname="backend.tests.test_iteration16_bug_fixes.TestBug3StickyOrderColumn" name="test_order_has_order_number_field" time="0.575" /><testcase classname="backend.tests.test_iteration16_bug_fixes.TestBug3StickyOrderColumn" name="test_create_order_generates_order_number" time="0.129" /><testcase classname="backend.tests.test_iteration16_bug_fixes.TestBug4CustomFieldPersistence" name="test_order_update_accepts_extra_fields" time="0.690" /><testcase classname="backend.tests.test_iteration16_bug_fixes.TestBug4CustomFieldPersistence" name="test_custom_field_persists_after_board_move" time="0.661" /><testcase classname="backend.tests.test_iteration16_bug_fixes.TestBug4CustomFieldPersistence" name="test_custom_fields_persist_through_put_update" time="0.536" /><testcase classname="backend.tests.test_iteration16_bug_fixes.TestBackendModelConfig" name="test_model_extra_allows_arbitrary_fields" time="0.770" /><testcase classname="backend.tests.test_iteration16_bug_fixes.TestGeneralFunctionality" name="test_frontend_compiles_check_via_backend" time="0.542" /><testcase classname="backend.tests.test_iteration16_bug_fixes.TestGeneralFunctionality" name="test_backend_starts_without_errors" time="0.730" /></testsuite></testsuites>