<?xml version="1.0" encoding="utf-8"?><testsuites name="pytest tests"><testsuite name="pytest" errors="0" failures="0" skipped="0" tests="9" time="1.685" timestamp="2026-03-03T21:09:44.638110+00:00" hostname="agent-env-83a7d035-e989-4856-afc8-ff9604ba0e96"><testcase classname="backend.tests.test_iteration14_i18n_total_pieces.TestTotalPiecesSystem" name="test_gantt_data_requires_auth" time="0.218" /><testcase classname="backend.tests.test_iteration14_i18n_total_pieces.TestTotalPiecesSystem" name="test_gantt_data_returns_total_pieces_system" time="0.121" /><testcase classname="backend.tests.test_iteration14_i18n_total_pieces.TestTotalPiecesSystem" name="test_gantt_data_structure" time="0.240" /><testcase classname="backend.tests.test_iteration14_i18n_total_pieces.TestTotalPiecesSystem" name="test_capacity_plan_requires_auth" time="0.165" /><testcase classname="backend.tests.test_iteration14_i18n_total_pieces.TestTotalPiecesSystem" name="test_capacity_plan_returns_total_pieces_system" time="0.143" /><testcase classname="backend.tests.test_iteration14_i18n_total_pieces.TestTotalPiecesSystem" name="test_capacity_plan_structure" time="0.124" /><testcase classname="backend.tests.test_iteration14_i18n_total_pieces.TestTotalPiecesSystem" name="test_total_pieces_system_consistency" time="0.282" /><testcase classname="backend.tests.test_iteration14_i18n_total_pieces.TestTotalPiecesSystem" name="test_machine_load_status_values" time="0.177" /><testcase classname="backend.tests.test_iteration14_i18n_total_pieces.TestGanttDataFiltering" name="test_gantt_data_with_date_filter" time="0.134" /></testsuite></testsuites>