<?xml version="1.0" encoding="utf-8"?><testsuites name="pytest tests"><testsuite name="pytest" errors="0" failures="0" skipped="0" tests="22" time="4.539" timestamp="2026-03-05T20:41:53.780400+00:00" hostname="agent-env-cb7697b3-7144-40f7-b9e7-de5b93ae11ea"><testcase classname="tests.test_iteration26_production_monitor.TestProductionLogsNewFields" name="test_01_get_existing_order_for_production" time="0.175" /><testcase classname="tests.test_iteration26_production_monitor.TestProductionLogsNewFields" name="test_02_create_production_log_with_new_fields" time="0.225" /><testcase classname="tests.test_iteration26_production_monitor.TestProductionLogsNewFields" name="test_03_create_production_log_espalda_design" time="0.287" /><testcase classname="tests.test_iteration26_production_monitor.TestProductionLogsNewFields" name="test_04_create_production_log_manga_design" time="0.230" /><testcase classname="tests.test_iteration26_production_monitor.TestProductionAnalytics" name="test_05_analytics_endpoint_accessible" time="0.117" /><testcase classname="tests.test_iteration26_production_monitor.TestProductionAnalytics" name="test_06_analytics_returns_required_fields" time="0.128" /><testcase classname="tests.test_iteration26_production_monitor.TestProductionAnalytics" name="test_07_analytics_preset_today" time="0.126" /><testcase classname="tests.test_iteration26_production_monitor.TestProductionAnalytics" name="test_08_analytics_preset_week" time="0.146" /><testcase classname="tests.test_iteration26_production_monitor.TestProductionAnalytics" name="test_09_analytics_filter_by_machine" time="0.112" /><testcase classname="tests.test_iteration26_production_monitor.TestProductionAnalytics" name="test_10_analytics_by_machine_aggregation" time="0.108" /><testcase classname="tests.test_iteration26_production_monitor.TestProductionAnalytics" name="test_11_analytics_by_operator_aggregation" time="0.123" /><testcase classname="tests.test_iteration26_production_monitor.TestProductionAnalytics" name="test_12_analytics_by_shift_aggregation" time="0.127" /><testcase classname="tests.test_iteration26_production_monitor.TestProductionAnalytics" name="test_13_analytics_by_client_aggregation" time="0.114" /><testcase classname="tests.test_iteration26_production_monitor.TestProductionAnalytics" name="test_14_analytics_by_po_aggregation" time="0.127" /><testcase classname="tests.test_iteration26_production_monitor.TestProductionAnalytics" name="test_15_analytics_hourly_trend" time="0.148" /><testcase classname="tests.test_iteration26_production_monitor.TestProductionReport" name="test_16_report_excel_generation" time="0.117" /><testcase classname="tests.test_iteration26_production_monitor.TestProductionReport" name="test_17_report_pdf_generation" time="0.131" /><testcase classname="tests.test_iteration26_production_monitor.TestProductionReport" name="test_18_report_excel_with_shift_filter" time="0.113" /><testcase classname="tests.test_iteration26_production_monitor.TestProductionReport" name="test_19_report_pdf_with_date_filter" time="1.322" /><testcase classname="tests.test_iteration26_production_monitor.TestProductionReport" name="test_20_report_excel_with_supervisor_filter" time="0.112" /><testcase classname="tests.test_iteration26_production_monitor.TestProductionLogsEndpoint" name="test_21_get_production_logs_has_new_fields" time="0.263" /><testcase classname="tests.test_iteration26_production_monitor.TestCleanup" name="test_99_cleanup_test_data" time="0.127" /></testsuite></testsuites>