<?xml version="1.0" encoding="utf-8"?><testsuites name="pytest tests"><testsuite name="pytest" errors="0" failures="0" skipped="0" tests="13" time="5.037" timestamp="2026-03-05T18:27:58.655124+00:00" hostname="agent-env-cb7697b3-7144-40f7-b9e7-de5b93ae11ea"><testcase classname="backend.tests.test_iteration21_mentions_search_duplicate.TestUsersListEndpoint" name="test_users_list_returns_users" time="0.131" /><testcase classname="backend.tests.test_iteration21_mentions_search_duplicate.TestUsersListEndpoint" name="test_users_list_does_not_expose_sensitive_data" time="0.138" /><testcase classname="backend.tests.test_iteration21_mentions_search_duplicate.TestOrderCheckNumberEndpoint" name="test_check_number_returns_exists_true_for_existing" time="0.369" /><testcase classname="backend.tests.test_iteration21_mentions_search_duplicate.TestOrderCheckNumberEndpoint" name="test_check_number_returns_exists_false_for_nonexistent" time="0.375" /><testcase classname="backend.tests.test_iteration21_mentions_search_duplicate.TestOrderCheckNumberEndpoint" name="test_check_number_case_insensitive" time="0.375" /><testcase classname="backend.tests.test_iteration21_mentions_search_duplicate.TestOrderCheckNumberEndpoint" name="test_check_number_handles_empty_input" time="0.352" /><testcase classname="backend.tests.test_iteration21_mentions_search_duplicate.TestEnhancedSearch" name="test_search_by_store_po" time="0.371" /><testcase classname="backend.tests.test_iteration21_mentions_search_duplicate.TestEnhancedSearch" name="test_search_by_customer_po" time="0.420" /><testcase classname="backend.tests.test_iteration21_mentions_search_duplicate.TestEnhancedSearch" name="test_search_by_order_number" time="0.377" /><testcase classname="backend.tests.test_iteration21_mentions_search_duplicate.TestMentionsInComments" name="test_comment_with_mention_creates_mention_notification" time="0.483" /><testcase classname="backend.tests.test_iteration21_mentions_search_duplicate.TestMentionsInComments" name="test_comment_without_mention_saved_correctly" time="0.588" /><testcase classname="backend.tests.test_iteration21_mentions_search_duplicate.TestMentionsInComments" name="test_get_comments_includes_mentions_field" time="0.633" /><testcase classname="backend.tests.test_iteration21_mentions_search_duplicate.TestNotificationTypes" name="test_notifications_endpoint_accessible" time="0.366" /></testsuite></testsuites>