<?xml version="1.0" encoding="utf-8"?><testsuites name="pytest tests"><testsuite name="pytest" errors="0" failures="0" skipped="0" tests="10" time="4.860" timestamp="2026-03-05T18:38:54.613505+00:00" hostname="agent-env-cb7697b3-7144-40f7-b9e7-de5b93ae11ea"><testcase classname="backend.tests.test_iteration22_multiword_mentions.TestMultiWordMentions" name="test_mention_gerardo_avina_full_name" time="1.146" /><testcase classname="backend.tests.test_iteration22_multiword_mentions.TestMultiWordMentions" name="test_mention_luke_hoefs_full_name" time="0.383" /><testcase classname="backend.tests.test_iteration22_multiword_mentions.TestMultiWordMentions" name="test_mention_beatriz_sandoval_full_name" time="0.487" /><testcase classname="backend.tests.test_iteration22_multiword_mentions.TestMultiWordMentions" name="test_mention_by_email_prefix" time="0.349" /><testcase classname="backend.tests.test_iteration22_multiword_mentions.TestMultiWordMentions" name="test_mention_by_full_email" time="0.360" /><testcase classname="backend.tests.test_iteration22_multiword_mentions.TestMultiWordMentions" name="test_multiple_mentions_in_one_comment" time="0.415" /><testcase classname="backend.tests.test_iteration22_multiword_mentions.TestMultiWordMentions" name="test_comment_without_mention_creates_generic_notifications" time="0.348" /><testcase classname="backend.tests.test_iteration22_multiword_mentions.TestNotificationVerification" name="test_mention_notification_has_correct_order_id" time="0.394" /><testcase classname="backend.tests.test_iteration22_multiword_mentions.TestNotificationVerification" name="test_case_insensitive_mention_matching" time="0.375" /><testcase classname="backend.tests.test_iteration22_multiword_mentions.TestNotificationDirectCheck" name="test_mentions_array_populated_correctly" time="0.532" /></testsuite></testsuites>