<?xml version="1.0" encoding="utf-8"?><testsuites name="pytest tests"><testsuite name="pytest" errors="0" failures="0" skipped="1" tests="25" time="9.492" timestamp="2026-03-18T23:51:18.912470+00:00" hostname="agent-env-942036ea-139f-49ec-9ae3-bf2e7c4e8565"><testcase classname="backend.tests.test_wms_iteration57.TestSKUGeneration" name="test_generate_sku_basic_style_only" time="0.442" /><testcase classname="backend.tests.test_wms_iteration57.TestSKUGeneration" name="test_generate_sku_style_and_color" time="0.394" /><testcase classname="backend.tests.test_wms_iteration57.TestSKUGeneration" name="test_generate_sku_style_color_size" time="0.408" /><testcase classname="backend.tests.test_wms_iteration57.TestSKUGeneration" name="test_generate_sku_with_spaces" time="0.407" /><testcase classname="backend.tests.test_wms_iteration57.TestSKUGeneration" name="test_generate_sku_color_truncated" time="0.380" /><testcase classname="backend.tests.test_wms_iteration57.TestSKUGeneration" name="test_generate_sku_empty_style" time="0.457" /><testcase classname="backend.tests.test_wms_iteration57.TestSKUGeneration" name="test_generate_sku_uppercase" time="0.407" /><testcase classname="backend.tests.test_wms_iteration57.TestReceivingAutoSKU" name="test_receiving_creates_auto_sku" time="0.412" /><testcase classname="backend.tests.test_wms_iteration57.TestReceivingAutoSKU" name="test_receiving_sku_format_style_only" time="0.420" /><testcase classname="backend.tests.test_wms_iteration57.TestReceivingAutoSKU" name="test_receiving_preserves_provided_sku" time="0.411" /><testcase classname="backend.tests.test_wms_iteration57.TestCycleCountCRUD" name="test_list_cycle_counts" time="0.405" /><testcase classname="backend.tests.test_wms_iteration57.TestCycleCountCRUD" name="test_create_cycle_count_requires_name" time="0.405" /><testcase classname="backend.tests.test_wms_iteration57.TestCycleCountCRUD" name="test_create_cycle_count_requires_matching_items" time="0.408" /><testcase classname="backend.tests.test_wms_iteration57.TestCycleCountCRUD" name="test_create_cycle_count_with_filters" time="0.474" /><testcase classname="backend.tests.test_wms_iteration57.TestCycleCountCRUD" name="test_get_cycle_count_detail" time="0.479" /><testcase classname="backend.tests.test_wms_iteration57.TestCycleCountCRUD" name="test_get_nonexistent_cycle_count" time="0.384" /><testcase classname="backend.tests.test_wms_iteration57.TestCycleCountProgress" name="test_save_count_progress" time="0.549" /><testcase classname="backend.tests.test_wms_iteration57.TestCycleCountProgress" name="test_save_progress_nonexistent_count" time="0.406" /><testcase classname="backend.tests.test_wms_iteration57.TestCycleCountApproval" name="test_approve_requires_completed_status" time="0.465" /><testcase classname="backend.tests.test_wms_iteration57.TestCycleCountApproval" name="test_approve_nonexistent_count" time="0.432" /><testcase classname="backend.tests.test_wms_iteration57.TestCycleCountApproval" name="test_approve_completed_count" time="0.398"><skipped type="pytest.skip" message="No completed cycle counts to test approval">/app/backend/tests/test_wms_iteration57.py:355: No completed cycle counts to test approval</skipped></testcase><testcase classname="backend.tests.test_wms_iteration57.TestCycleCountAuth" name="test_list_counts_requires_auth" time="0.129" /><testcase classname="backend.tests.test_wms_iteration57.TestCycleCountAuth" name="test_create_count_requires_admin" time="0.112" /><testcase classname="backend.tests.test_wms_iteration57.TestCycleCountAuth" name="test_approve_count_requires_admin" time="0.106" /><testcase classname="backend.tests.test_wms_iteration57.TestGenerateSKUAuth" name="test_generate_sku_requires_auth" time="0.111" /></testsuite></testsuites>