<?xml version="1.0" encoding="utf-8"?><testsuites name="pytest tests"><testsuite name="pytest" errors="0" failures="0" skipped="0" tests="10" time="2.082" timestamp="2026-02-26T23:00:08.647994+00:00" hostname="agent-env-f7867a38-9a81-44d3-a9e2-0560c48c6cda"><testcase classname="backend.tests.test_iteration5_features.TestConfigOptions" name="test_get_config_options_has_status_change_trigger" time="0.162" /><testcase classname="backend.tests.test_iteration5_features.TestStatusChangeAutomations" name="test_create_automation_with_status_change_trigger" time="0.182" /><testcase classname="backend.tests.test_iteration5_features.TestCommentNotifications" name="test_create_comment_creates_notifications" time="0.208" /><testcase classname="backend.tests.test_iteration5_features.TestNotificationsEndpoints" name="test_get_notifications_returns_structure" time="0.150" /><testcase classname="backend.tests.test_iteration5_features.TestNotificationsEndpoints" name="test_mark_notifications_read" time="0.147" /><testcase classname="backend.tests.test_iteration5_features.TestNotificationsEndpoints" name="test_get_notifications_with_limit" time="0.122" /><testcase classname="backend.tests.test_iteration5_features.TestOrderUpdateTriggersStatusChange" name="test_update_order_changes_field_value" time="0.438" /><testcase classname="backend.tests.test_iteration5_features.TestLinkColumns" name="test_update_order_with_link_field" time="0.317" /><testcase classname="backend.tests.test_iteration5_features.TestUnauthorizedAccess" name="test_get_notifications_unauthorized" time="0.133" /><testcase classname="backend.tests.test_iteration5_features.TestUnauthorizedAccess" name="test_put_notifications_read_unauthorized" time="0.167" /></testsuite></testsuites>