<?xml version="1.0" encoding="utf-8"?><testsuites name="pytest tests"><testsuite name="pytest" errors="0" failures="0" skipped="0" tests="22" time="3.620" timestamp="2026-03-12T17:03:06.089229+00:00" hostname="agent-env-891b4caa-50a7-41f8-abec-d2d1feef9823"><testcase classname="tests.test_iteration45_duplicate_fix_board_permissions.TestNoDuplicateUsers" name="test_01_no_duplicate_emails_in_database" time="0.091" /><testcase classname="tests.test_iteration45_duplicate_fix_board_permissions.TestNoDuplicateUsers" name="test_02_unique_index_exists_on_email" time="0.005" /><testcase classname="tests.test_iteration45_duplicate_fix_board_permissions.TestNoDuplicateUsers" name="test_03_unique_index_prevents_duplicate_insert" time="0.009" /><testcase classname="tests.test_iteration45_duplicate_fix_board_permissions.TestBoardPermissionsEndpoints" name="test_10_get_user_board_permissions_empty" time="0.349" /><testcase classname="tests.test_iteration45_duplicate_fix_board_permissions.TestBoardPermissionsEndpoints" name="test_11_put_user_board_permissions_creates" time="0.197" /><testcase classname="tests.test_iteration45_duplicate_fix_board_permissions.TestBoardPermissionsEndpoints" name="test_12_get_user_board_permissions_returns_saved" time="0.160" /><testcase classname="tests.test_iteration45_duplicate_fix_board_permissions.TestBoardPermissionsEndpoints" name="test_13_put_user_board_permissions_updates" time="0.378" /><testcase classname="tests.test_iteration45_duplicate_fix_board_permissions.TestBoardPermissionsEndpoints" name="test_14_get_board_permissions_requires_admin" time="0.155" /><testcase classname="tests.test_iteration45_duplicate_fix_board_permissions.TestBoardPermissionsEndpoints" name="test_15_put_board_permissions_requires_admin" time="0.115" /><testcase classname="tests.test_iteration45_duplicate_fix_board_permissions.TestBoardPermissionsEndpoints" name="test_16_get_my_board_permissions_as_user" time="0.144" /><testcase classname="tests.test_iteration45_duplicate_fix_board_permissions.TestBoardPermissionsEndpoints" name="test_17_get_my_board_permissions_empty_user" time="0.216" /><testcase classname="tests.test_iteration45_duplicate_fix_board_permissions.TestUserInviteUpsert" name="test_20_invite_new_user_creates" time="0.333" /><testcase classname="tests.test_iteration45_duplicate_fix_board_permissions.TestUserInviteUpsert" name="test_21_invite_existing_user_returns_400" time="0.426" /><testcase classname="tests.test_iteration45_duplicate_fix_board_permissions.TestUserInviteUpsert" name="test_22_invite_requires_admin" time="0.123" /><testcase classname="tests.test_iteration45_duplicate_fix_board_permissions.TestUserInviteUpsert" name="test_23_invite_invalid_email_returns_400" time="0.124" /><testcase classname="tests.test_iteration45_duplicate_fix_board_permissions.TestConfigDescriptions" name="test_30_get_descriptions_empty_initially" time="0.154" /><testcase classname="tests.test_iteration45_duplicate_fix_board_permissions.TestConfigDescriptions" name="test_31_put_descriptions_stores_data" time="0.114" /><testcase classname="tests.test_iteration45_duplicate_fix_board_permissions.TestConfigDescriptions" name="test_32_get_descriptions_returns_saved" time="0.163" /><testcase classname="tests.test_iteration45_duplicate_fix_board_permissions.TestConfigDescriptions" name="test_33_put_descriptions_requires_admin" time="0.136" /><testcase classname="tests.test_iteration45_duplicate_fix_board_permissions.TestConfigDescriptions" name="test_34_get_descriptions_requires_auth" time="0.139" /><testcase classname="tests.test_iteration45_duplicate_fix_board_permissions.TestAuthSessionUpsert" name="test_40_auth_flow_uses_upsert_pattern" time="0.000" /><testcase classname="tests.test_iteration45_duplicate_fix_board_permissions.TestCleanup" name="test_99_cleanup_test_data" time="0.006" /></testsuite></testsuites>