<?xml version="1.0" encoding="utf-8"?><testsuites name="pytest tests"><testsuite name="pytest" errors="0" failures="0" skipped="1" tests="21" time="3.890" timestamp="2026-03-18T19:06:02.740447+00:00" hostname="agent-env-942036ea-139f-49ec-9ae3-bf2e7c4e8565"><testcase classname="backend.tests.test_wms_iteration51.TestWMSFullFlow" name="test_01_create_test_receiving" time="0.188" /><testcase classname="backend.tests.test_wms_iteration51.TestWMSFullFlow" name="test_02_putaway_boxes" time="0.467" /><testcase classname="backend.tests.test_wms_iteration51.TestWMSFullFlow" name="test_03_verify_inventory_available" time="0.114" /><testcase classname="backend.tests.test_wms_iteration51.TestAllocationModule" name="test_01_get_orders_for_allocation" time="0.176" /><testcase classname="backend.tests.test_wms_iteration51.TestAllocationModule" name="test_02_get_inventory_for_allocation" time="0.155" /><testcase classname="backend.tests.test_wms_iteration51.TestAllocationModule" name="test_03_create_allocation" time="0.128" /><testcase classname="backend.tests.test_wms_iteration51.TestAllocationModule" name="test_04_list_allocations" time="0.138" /><testcase classname="backend.tests.test_wms_iteration51.TestAllocationModule" name="test_05_delete_allocation" time="0.285" /><testcase classname="backend.tests.test_wms_iteration51.TestPickTicketModule" name="test_01_setup_allocation_for_pick" time="0.462" /><testcase classname="backend.tests.test_wms_iteration51.TestPickTicketModule" name="test_02_create_pick_ticket" time="0.138" /><testcase classname="backend.tests.test_wms_iteration51.TestPickTicketModule" name="test_03_list_pick_tickets" time="0.144" /><testcase classname="backend.tests.test_wms_iteration51.TestPickTicketModule" name="test_04_confirm_pick_ticket" time="0.000"><skipped type="pytest.skip" message="No pick ticket to confirm">/app/backend/tests/test_wms_iteration51.py:273: No pick ticket to confirm</skipped></testcase><testcase classname="backend.tests.test_wms_iteration51.TestProductionModule" name="test_01_get_boxes_in_raw_state" time="0.126" /><testcase classname="backend.tests.test_wms_iteration51.TestProductionModule" name="test_02_move_boxes_to_wip" time="0.128" /><testcase classname="backend.tests.test_wms_iteration51.TestProductionModule" name="test_03_move_boxes_to_finished" time="0.118" /><testcase classname="backend.tests.test_wms_iteration51.TestProductionModule" name="test_04_verify_finished_goods" time="0.132" /><testcase classname="backend.tests.test_wms_iteration51.TestShippingModule" name="test_01_get_finished_boxes_for_shipping" time="0.150" /><testcase classname="backend.tests.test_wms_iteration51.TestShippingModule" name="test_02_create_shipment" time="0.293" /><testcase classname="backend.tests.test_wms_iteration51.TestShippingModule" name="test_03_list_shipments" time="0.119" /><testcase classname="backend.tests.test_wms_iteration51.TestShippingModule" name="test_04_verify_boxes_marked_shipped" time="0.246" /><testcase classname="backend.tests.test_wms_iteration51.TestMovementsAuditLog" name="test_movements_contain_recent_activity" time="0.128" /></testsuite></testsuites>