<?xml version="1.0" encoding="utf-8"?><testsuites name="pytest tests"><testsuite name="pytest" errors="0" failures="0" skipped="0" tests="11" time="2.052" timestamp="2026-03-12T16:34:46.517056+00:00" hostname="agent-env-891b4caa-50a7-41f8-abec-d2d1feef9823"><testcase classname="backend.tests.test_iteration44_multi_image_upload.TestImageUpload" name="test_image_upload_with_base64_data" time="0.193" /><testcase classname="backend.tests.test_iteration44_multi_image_upload.TestImageUpload" name="test_image_upload_with_data_uri" time="0.118" /><testcase classname="backend.tests.test_iteration44_multi_image_upload.TestImageUpload" name="test_image_upload_auto_filename" time="0.125" /><testcase classname="backend.tests.test_iteration44_multi_image_upload.TestImageUpload" name="test_image_upload_missing_image_data" time="0.108" /><testcase classname="backend.tests.test_iteration44_multi_image_upload.TestImageUpload" name="test_image_upload_invalid_order" time="0.120" /><testcase classname="backend.tests.test_iteration44_multi_image_upload.TestMultipleSequentialUploads" name="test_sequential_multi_image_upload" time="0.262" /><testcase classname="backend.tests.test_iteration44_multi_image_upload.TestCommentsWithImages" name="test_create_comment_with_single_image" time="0.167" /><testcase classname="backend.tests.test_iteration44_multi_image_upload.TestCommentsWithImages" name="test_create_comment_with_multiple_images" time="0.267" /><testcase classname="backend.tests.test_iteration44_multi_image_upload.TestCommentsWithImages" name="test_get_comments_returns_image_content" time="0.252" /><testcase classname="backend.tests.test_iteration44_multi_image_upload.TestUploadsDirectory" name="test_uploaded_file_accessible" time="0.244" /><testcase classname="backend.tests.test_iteration44_multi_image_upload.TestAuthenticationRequired" name="test_upload_without_auth_fails" time="0.126" /></testsuite></testsuites>