<?xml version="1.0" encoding="utf-8"?><testsuites name="pytest tests"><testsuite name="pytest" errors="0" failures="0" skipped="0" tests="9" time="1.529" timestamp="2026-03-05T21:26:57.553629+00:00" hostname="agent-env-cb7697b3-7144-40f7-b9e7-de5b93ae11ea"><testcase classname="backend.tests.test_iteration29_automation_bool_fix.TestValuesMatchLogic" name="test_01_values_match_bool_to_string" time="0.000" /><testcase classname="backend.tests.test_iteration29_automation_bool_fix.TestAutomationExists" name="test_02_automation_exists" time="0.218" /><testcase classname="backend.tests.test_iteration29_automation_bool_fix.TestAutomationTrigger" name="test_03_create_test_order" time="0.342" /><testcase classname="backend.tests.test_iteration29_automation_bool_fix.TestAutomationTrigger" name="test_04_update_screens_to_true_triggers_automation" time="0.198" /><testcase classname="backend.tests.test_iteration29_automation_bool_fix.TestAutomationTrigger" name="test_05_verify_board_persisted" time="0.112" /><testcase classname="backend.tests.test_iteration29_automation_bool_fix.TestReverseScenario" name="test_06_screens_false_does_not_trigger" time="0.371" /><testcase classname="backend.tests.test_iteration29_automation_bool_fix.TestCodeVerification" name="test_07_verify_automations_code" time="0.000" /><testcase classname="backend.tests.test_iteration29_automation_bool_fix.TestCodeVerification" name="test_08_verify_orders_code" time="0.000" /><testcase classname="backend.tests.test_iteration29_automation_bool_fix.TestCleanup" name="test_99_cleanup" time="0.215" /></testsuite></testsuites>