<?xml version="1.0" encoding="utf-8"?><testsuites name="pytest tests"><testsuite name="pytest" errors="0" failures="0" skipped="0" tests="11" time="2.549" timestamp="2026-03-06T20:27:05.826536+00:00" hostname="agent-env-f85d3a15-2ce7-406f-bd81-e5d81c9a858c"><testcase classname="backend.tests.test_iteration38_automation_extended_conditions.TestAutomationCRUD" name="test_get_automations" time="0.166" /><testcase classname="backend.tests.test_iteration38_automation_extended_conditions.TestAutomationCRUD" name="test_create_automation_date_updated" time="0.158" /><testcase classname="backend.tests.test_iteration38_automation_extended_conditions.TestAutomationCRUD" name="test_create_automation_is_empty" time="0.132" /><testcase classname="backend.tests.test_iteration38_automation_extended_conditions.TestAutomationCRUD" name="test_create_automation_not_empty" time="0.134" /><testcase classname="backend.tests.test_iteration38_automation_extended_conditions.TestAutomationCRUD" name="test_create_automation_regular_select" time="0.153" /><testcase classname="backend.tests.test_iteration38_automation_extended_conditions.TestCheckConditionsLogic" name="test_automation_date_updated_condition" time="0.264" /><testcase classname="backend.tests.test_iteration38_automation_extended_conditions.TestCheckConditionsLogic" name="test_automation_is_empty_condition" time="0.367" /><testcase classname="backend.tests.test_iteration38_automation_extended_conditions.TestCheckConditionsLogic" name="test_automation_not_empty_condition" time="0.341" /><testcase classname="backend.tests.test_iteration38_automation_extended_conditions.TestConfigEndpoints" name="test_get_columns_config" time="0.156" /><testcase classname="backend.tests.test_iteration38_automation_extended_conditions.TestConfigEndpoints" name="test_get_boards" time="0.202" /><testcase classname="backend.tests.test_iteration38_automation_extended_conditions.TestCleanup" name="test_cleanup_test_automations" time="0.406" /></testsuite></testsuites>