<?xml version="1.0" encoding="utf-8"?><testsuites name="pytest tests"><testsuite name="pytest" errors="0" failures="0" skipped="0" tests="9" time="1.966" timestamp="2026-03-05T16:06:37.676644+00:00" hostname="agent-env-cb7697b3-7144-40f7-b9e7-de5b93ae11ea"><testcase classname="backend.tests.test_iteration19_column_deletion.TestColumnDeletionFeature" name="test_get_columns_returns_removed_default_columns_field" time="0.267" /><testcase classname="backend.tests.test_iteration19_column_deletion.TestColumnDeletionFeature" name="test_get_columns_returns_custom_columns" time="0.116" /><testcase classname="backend.tests.test_iteration19_column_deletion.TestColumnDeletionFeature" name="test_put_columns_accepts_removed_default_columns" time="0.259" /><testcase classname="backend.tests.test_iteration19_column_deletion.TestColumnDeletionFeature" name="test_put_columns_with_custom_columns_still_works" time="0.266" /><testcase classname="backend.tests.test_iteration19_column_deletion.TestColumnDeletionFeature" name="test_put_columns_both_custom_and_removed_defaults" time="0.233" /><testcase classname="backend.tests.test_iteration19_column_deletion.TestColumnDeletionFeature" name="test_put_columns_requires_admin" time="0.169" /><testcase classname="backend.tests.test_iteration19_column_deletion.TestColumnDeletionFeature" name="test_put_columns_empty_removed_defaults" time="0.238" /><testcase classname="backend.tests.test_iteration19_column_deletion.TestColumnDeletionFeature" name="test_removing_default_column_persists_after_reload" time="0.242" /><testcase classname="backend.tests.test_iteration19_column_deletion.TestColumnDeletionFeature" name="test_zz_cleanup_column_config" time="0.119" /></testsuite></testsuites>