<?xml version="1.0" encoding="utf-8"?><testsuites name="pytest tests"><testsuite name="pytest" errors="0" failures="0" skipped="0" tests="16" time="8.415" timestamp="2026-03-03T19:15:06.759015+00:00" hostname="agent-env-7dafebf6-7cfe-4641-ae58-c1933b0005f6"><testcase classname="backend.tests.test_phase4_production.TestProductionLogCreate" name="test_create_production_log_success" time="0.421" /><testcase classname="backend.tests.test_phase4_production.TestProductionLogCreate" name="test_create_production_log_all_machines" time="0.565" /><testcase classname="backend.tests.test_phase4_production.TestProductionLogCreate" name="test_create_production_log_invalid_machine" time="0.582" /><testcase classname="backend.tests.test_phase4_production.TestProductionLogCreate" name="test_create_production_log_invalid_order" time="0.112" /><testcase classname="backend.tests.test_phase4_production.TestProductionLogCreate" name="test_create_production_log_zero_setup" time="0.346" /><testcase classname="backend.tests.test_phase4_production.TestProductionLogCreate" name="test_create_production_log_requires_auth" time="0.113" /><testcase classname="backend.tests.test_phase4_production.TestProductionLogGet" name="test_get_production_logs_empty" time="0.333" /><testcase classname="backend.tests.test_phase4_production.TestProductionLogGet" name="test_get_production_logs_with_data" time="0.716" /><testcase classname="backend.tests.test_phase4_production.TestProductionLogGet" name="test_get_production_logs_requires_auth" time="0.125" /><testcase classname="backend.tests.test_phase4_production.TestProductionSummary" name="test_get_production_summary" time="0.682" /><testcase classname="backend.tests.test_phase4_production.TestProductionSummary" name="test_production_summary_requires_auth" time="0.146" /><testcase classname="backend.tests.test_phase4_production.TestProductionLogDelete" name="test_delete_production_log_admin_success" time="0.484" /><testcase classname="backend.tests.test_phase4_production.TestProductionLogDelete" name="test_delete_production_log_not_found" time="0.125" /><testcase classname="backend.tests.test_phase4_production.TestProductionLogDelete" name="test_delete_production_log_requires_admin" time="0.506" /><testcase classname="backend.tests.test_phase4_production.TestMachineValidation" name="test_all_14_machines_valid" time="2.303" /><testcase classname="backend.tests.test_phase4_production.TestProductionDataPersistence" name="test_production_affects_remaining_calculation" time="0.771" /></testsuite></testsuites>