<?xml version="1.0" encoding="utf-8"?><testsuites name="pytest tests"><testsuite name="pytest" errors="0" failures="0" skipped="0" tests="10" time="3.133" timestamp="2026-03-03T19:40:32.821965+00:00" hostname="agent-env-7dafebf6-7cfe-4641-ae58-c1933b0005f6"><testcase classname="backend.tests.test_phase4_production_modal.TestProductionEndpoints" name="test_health_and_auth" time="0.173" /><testcase classname="backend.tests.test_phase4_production_modal.TestProductionEndpoints" name="test_get_orders_list" time="0.118" /><testcase classname="backend.tests.test_phase4_production_modal.TestProductionEndpoints" name="test_create_production_log_valid_machine" time="0.236" /><testcase classname="backend.tests.test_phase4_production_modal.TestProductionEndpoints" name="test_create_production_log_invalid_machine" time="0.473" /><testcase classname="backend.tests.test_phase4_production_modal.TestProductionEndpoints" name="test_create_production_log_invalid_order" time="0.107" /><testcase classname="backend.tests.test_phase4_production_modal.TestProductionEndpoints" name="test_get_production_logs_for_order" time="0.185" /><testcase classname="backend.tests.test_phase4_production_modal.TestProductionEndpoints" name="test_get_production_summary" time="0.117" /><testcase classname="backend.tests.test_phase4_production_modal.TestProductionEndpoints" name="test_all_14_machines_valid" time="1.068" /><testcase classname="backend.tests.test_phase4_production_modal.TestProductionEndpoints" name="test_production_log_requires_auth" time="0.257" /><testcase classname="backend.tests.test_phase4_production_modal.TestProductionEndpoints" name="test_delete_production_log_admin_only" time="0.351" /></testsuite></testsuites>