<?xml version="1.0" encoding="utf-8"?><testsuites name="pytest tests"><testsuite name="pytest" errors="0" failures="0" skipped="0" tests="11" time="6.143" timestamp="2026-03-20T17:05:28.080982+00:00" hostname="agent-env-942036ea-139f-49ec-9ae3-bf2e7c4e8565"><testcase classname="backend.tests.test_iteration61_blanks_tracking.TestBlanksTrackingBackend" name="test_blanks_board_returns_orders" time="0.509" /><testcase classname="backend.tests.test_iteration61_blanks_tracking.TestBlanksTrackingBackend" name="test_blanks_orders_have_required_fields" time="0.444" /><testcase classname="backend.tests.test_iteration61_blanks_tracking.TestBlanksTrackingBackend" name="test_key_blanks_orders_exist" time="0.443" /><testcase classname="backend.tests.test_iteration61_blanks_tracking.TestBlanksTrackingBackend" name="test_order_700_has_correct_status" time="0.467" /><testcase classname="backend.tests.test_iteration61_blanks_tracking.TestBlanksTrackingBackend" name="test_put_order_status_update" time="0.730" /><testcase classname="backend.tests.test_iteration61_blanks_tracking.TestBlanksTrackingBackend" name="test_put_order_client_update" time="0.601" /><testcase classname="backend.tests.test_iteration61_blanks_tracking.TestBlanksTrackingBackend" name="test_put_order_production_status_update" time="0.751" /><testcase classname="backend.tests.test_iteration61_blanks_tracking.TestBlanksTrackingBackend" name="test_put_order_clear_status_to_null" time="0.691" /><testcase classname="backend.tests.test_iteration61_blanks_tracking.TestBlanksTrackingBackend" name="test_options_endpoint_returns_status_options" time="0.494" /><testcase classname="backend.tests.test_iteration61_blanks_tracking.TestSchedulingCalendarNotBroken" name="test_scheduling_board_accessible" time="0.482" /><testcase classname="backend.tests.test_iteration61_blanks_tracking.TestSchedulingCalendarNotBroken" name="test_scheduling_orders_have_scheduled_date" time="0.468" /></testsuite></testsuites>