<?xml version="1.0" encoding="utf-8"?><testsuites name="pytest tests"><testsuite name="pytest" errors="0" failures="0" skipped="0" tests="14" time="10.601" timestamp="2026-03-03T19:02:17.245264+00:00" hostname="agent-env-7dafebf6-7cfe-4641-ae58-c1933b0005f6"><testcase classname="backend.tests.test_phase3_undo.TestUndoEndpoint" name="test_undo_update_order" time="1.003" /><testcase classname="backend.tests.test_phase3_undo.TestUndoEndpoint" name="test_undo_delete_order" time="1.054" /><testcase classname="backend.tests.test_phase3_undo.TestUndoEndpoint" name="test_undo_move_order" time="0.923" /><testcase classname="backend.tests.test_phase3_undo.TestUndoEndpoint" name="test_undo_create_order" time="0.860" /><testcase classname="backend.tests.test_phase3_undo.TestUndoEndpoint" name="test_undo_bulk_move_orders" time="1.273" /><testcase classname="backend.tests.test_phase3_undo.TestUndoEndpoint" name="test_undo_non_undoable_action_returns_400" time="0.188" /><testcase classname="backend.tests.test_phase3_undo.TestUndoEndpoint" name="test_undo_already_undone_returns_400" time="0.911" /><testcase classname="backend.tests.test_phase3_undo.TestUndoEndpoint" name="test_undo_requires_admin" time="0.132" /><testcase classname="backend.tests.test_phase3_undo.TestActivityLogFilter" name="test_activity_filter_by_action_type" time="0.274" /><testcase classname="backend.tests.test_phase3_undo.TestActivityLogFilter" name="test_activity_without_filter_returns_all" time="0.407" /><testcase classname="backend.tests.test_phase3_undo.TestActivityLogFields" name="test_create_order_has_undoable_fields" time="1.126" /><testcase classname="backend.tests.test_phase3_undo.TestActivityLogFields" name="test_update_order_previous_data_contains_old_values" time="0.790" /><testcase classname="backend.tests.test_phase3_undo.TestActivityLogFields" name="test_non_undoable_actions_have_undoable_false" time="0.109" /><testcase classname="backend.tests.test_phase3_undo.TestUndoActionCreatesLog" name="test_undo_creates_undo_action_log" time="1.456" /></testsuite></testsuites>