<?xml version="1.0" encoding="utf-8"?><testsuites name="pytest tests"><testsuite name="pytest" errors="0" failures="0" skipped="0" tests="8" time="4.554" timestamp="2026-03-20T15:56:01.860992+00:00" hostname="agent-env-942036ea-139f-49ec-9ae3-bf2e7c4e8565"><testcase classname="backend.tests.test_iteration59_scheduled_date.TestScheduledDateIndependence" name="test_order_62970_has_scheduled_date_after_cancel" time="0.486" /><testcase classname="backend.tests.test_iteration59_scheduled_date.TestScheduledDateIndependence" name="test_update_scheduled_date_does_not_change_cancel_date" time="0.569" /><testcase classname="backend.tests.test_iteration59_scheduled_date.TestScheduledDateIndependence" name="test_orders_with_scheduled_date_in_scheduling_board" time="0.426" /><testcase classname="backend.tests.test_iteration59_scheduled_date.TestScheduledDateIndependence" name="test_cancel_date_remains_independent_after_multiple_scheduled_updates" time="0.994" /><testcase classname="backend.tests.test_iteration59_scheduled_date.TestScheduledDateIndependence" name="test_setting_scheduled_date_on_unscheduled_order" time="0.641" /><testcase classname="backend.tests.test_iteration59_scheduled_date.TestScheduledDateIndependence" name="test_put_endpoint_supports_arbitrary_fields_via_model_extra" time="0.560" /><testcase classname="backend.tests.test_iteration59_scheduled_date.TestScheduledDateCalendarLogic" name="test_scheduled_date_format_is_valid" time="0.405" /><testcase classname="backend.tests.test_iteration59_scheduled_date.TestScheduledDateCalendarLogic" name="test_orders_grouped_by_scheduled_date_not_cancel_date" time="0.407" /></testsuite></testsuites>