<?xml version="1.0" encoding="utf-8"?><testsuites name="pytest tests"><testsuite name="pytest" errors="0" failures="0" skipped="0" tests="15" time="4.239" timestamp="2026-03-04T22:34:04.406511+00:00" hostname="agent-env-4ac1f4b3-2c8e-4547-86fe-51fba6e251e9"><testcase classname="backend.tests.test_iteration17_new_fields_links_automations.TestRegressionEndpoints" name="test_get_boards" time="0.187" /><testcase classname="backend.tests.test_iteration17_new_fields_links_automations.TestRegressionEndpoints" name="test_get_options" time="0.140" /><testcase classname="backend.tests.test_iteration17_new_fields_links_automations.TestRegressionEndpoints" name="test_get_orders" time="0.115" /><testcase classname="backend.tests.test_iteration17_new_fields_links_automations.TestNewOrderFields" name="test_create_order_with_new_fields" time="0.165" /><testcase classname="backend.tests.test_iteration17_new_fields_links_automations.TestNewOrderFields" name="test_get_order_verifies_new_fields" time="0.131" /><testcase classname="backend.tests.test_iteration17_new_fields_links_automations.TestNewOrderFields" name="test_update_order_still_works" time="0.140" /><testcase classname="backend.tests.test_iteration17_new_fields_links_automations.TestLinksCRUD" name="test_add_link_to_order" time="0.232" /><testcase classname="backend.tests.test_iteration17_new_fields_links_automations.TestLinksCRUD" name="test_get_order_links" time="0.366" /><testcase classname="backend.tests.test_iteration17_new_fields_links_automations.TestLinksCRUD" name="test_delete_order_link" time="0.663" /><testcase classname="backend.tests.test_iteration17_new_fields_links_automations.TestLinksCRUD" name="test_add_link_url_required" time="0.230" /><testcase classname="backend.tests.test_iteration17_new_fields_links_automations.TestLinksCRUD" name="test_delete_invalid_link_index" time="0.229" /><testcase classname="backend.tests.test_iteration17_new_fields_links_automations.TestAutomationsWatchField" name="test_create_automation_with_watch_field" time="0.139" /><testcase classname="backend.tests.test_iteration17_new_fields_links_automations.TestAutomationsWatchField" name="test_get_automations_returns_watch_fields" time="0.116" /><testcase classname="backend.tests.test_iteration17_new_fields_links_automations.TestAutomationsWatchField" name="test_automation_with_optional_conditions" time="0.240" /><testcase classname="backend.tests.test_iteration17_new_fields_links_automations.TestCleanup" name="test_cleanup_test_orders" time="1.066" /></testsuite></testsuites>