<?xml version="1.0" encoding="utf-8"?><testsuites name="pytest tests"><testsuite name="pytest" errors="0" failures="0" skipped="0" tests="12" time="2.419" timestamp="2026-03-03T18:17:41.071900+00:00" hostname="agent-env-f7867a38-9a81-44d3-a9e2-0560c48c6cda"><testcase classname="backend.tests.test_iteration7_phase1_features.TestBackendAPIs" name="test_get_options_endpoint" time="0.159" /><testcase classname="backend.tests.test_iteration7_phase1_features.TestBackendAPIs" name="test_get_orders_endpoint" time="0.168" /><testcase classname="backend.tests.test_iteration7_phase1_features.TestBackendAPIs" name="test_get_orders_by_board" time="0.117" /><testcase classname="backend.tests.test_iteration7_phase1_features.TestBackendAPIs" name="test_search_orders_by_order_number" time="0.288" /><testcase classname="backend.tests.test_iteration7_phase1_features.TestBackendAPIs" name="test_create_and_update_order" time="0.351" /><testcase classname="backend.tests.test_iteration7_phase1_features.TestBackendAPIs" name="test_order_quantity_for_qty_totals" time="0.103" /><testcase classname="backend.tests.test_iteration7_phase1_features.TestBackendAPIs" name="test_automations_endpoint" time="0.124" /><testcase classname="backend.tests.test_iteration7_phase1_features.TestBackendAPIs" name="test_activity_log_endpoint" time="0.118" /><testcase classname="backend.tests.test_iteration7_phase1_features.TestBackendAPIs" name="test_comments_endpoint" time="0.204" /><testcase classname="backend.tests.test_iteration7_phase1_features.TestCustomFieldsForNewColumnTypes" name="test_custom_fields_storage" time="0.229" /><testcase classname="backend.tests.test_iteration7_phase1_features.TestBoardOperations" name="test_get_orders_from_multiple_boards" time="0.221" /><testcase classname="backend.tests.test_iteration7_phase1_features.TestBoardOperations" name="test_move_order_between_boards" time="0.260" /></testsuite></testsuites>