<?xml version="1.0" encoding="utf-8"?><testsuites name="pytest tests"><testsuite name="pytest" errors="0" failures="0" skipped="0" tests="11" time="3.167" timestamp="2026-03-05T19:41:10.100850+00:00" hostname="agent-env-cb7697b3-7144-40f7-b9e7-de5b93ae11ea"><testcase classname="tests.test_iteration23_user_view_config.TestUserViewConfig" name="test_01_get_empty_config_for_new_user" time="0.540" /><testcase classname="tests.test_iteration23_user_view_config.TestUserViewConfig" name="test_02_save_master_config" time="0.183" /><testcase classname="tests.test_iteration23_user_view_config.TestUserViewConfig" name="test_03_get_saved_config" time="0.143" /><testcase classname="tests.test_iteration23_user_view_config.TestUserViewConfig" name="test_04_user2_gets_empty_config" time="0.439" /><testcase classname="tests.test_iteration23_user_view_config.TestUserViewConfig" name="test_05_user2_saves_different_config" time="0.246" /><testcase classname="tests.test_iteration23_user_view_config.TestUserViewConfig" name="test_06_user1_config_unchanged_after_user2_save" time="0.132" /><testcase classname="tests.test_iteration23_user_view_config.TestUserViewConfig" name="test_07_non_master_board_empty" time="0.435" /><testcase classname="tests.test_iteration23_user_view_config.TestUserViewConfig" name="test_08_update_existing_config" time="0.248" /><testcase classname="tests.test_iteration23_user_view_config.TestUserViewConfig" name="test_09_empty_filters_clears_previous" time="0.264" /><testcase classname="tests.test_iteration23_user_view_config.TestUserViewConfig" name="test_10_unauthorized_request_fails" time="0.141" /><testcase classname="tests.test_iteration23_user_view_config.TestUserViewConfigCleanup" name="test_cleanup" time="0.331" /></testsuite></testsuites>